2018-04-21 13:43:29,150 - Node - INFO - #######################
2018-04-21 13:43:29,151 - Node - INFO - Node: 0 - Initializing
2018-04-21 13:43:29,151 - Node - INFO - #######################
2018-04-21 13:43:29,151 - Node - INFO - Node: 0 - Calling phaseOneClustering
2018-04-21 13:43:29,151 - Node - INFO - Node: 0 - Starting Phase One Clustering
2018-04-21 13:43:29,151 - Node - INFO - Node: 0 - I am a parent not leaf
2018-04-21 13:43:29,151 - Node - INFO - Node: 0 - Starting Server
2018-04-21 13:43:29,151 - main_server - INFO - Node: 0 - Creating GRPC Server 
2018-04-21 13:43:29,159 - main_server - INFO - Node 0 - Created GRPC Server
2018-04-21 13:43:29,159 - main_server - INFO - Node: 0 - Inside Mainserver __init__
2018-04-21 13:43:29,164 - main_server - INFO - Node 0 - Starting GRPC Server
2018-04-21 13:43:29,164 - main_server - INFO - Node: 0 - GRPC Server started successfully. Entering forever listening mode...

2018-04-21 13:43:31,154 - Node - INFO - #######################
2018-04-21 13:43:31,155 - Node - INFO - Node: 1 - Initializing
2018-04-21 13:43:31,155 - Node - INFO - #######################
2018-04-21 13:43:31,156 - Node - INFO - Node: 1 - Calling phaseOneClustering
2018-04-21 13:43:31,156 - Node - INFO - Node: 1 - Starting Phase One Clustering
2018-04-21 13:43:31,156 - Node - INFO - Node: 1 - I am a parent not leaf
2018-04-21 13:43:31,156 - Node - INFO - Node: 1 - Starting Server
2018-04-21 13:43:31,156 - main_server - INFO - Node: 1 - Creating GRPC Server 
2018-04-21 13:43:31,157 - main_server - INFO - Node 1 - Created GRPC Server
2018-04-21 13:43:31,157 - main_server - INFO - Node: 1 - Inside Mainserver __init__
2018-04-21 13:43:31,160 - main_server - INFO - Node 1 - Starting GRPC Server
2018-04-21 13:43:31,161 - main_server - INFO - Node: 1 - GRPC Server started successfully. Entering forever listening mode...

2018-04-21 13:43:33,160 - Node - INFO - #######################
2018-04-21 13:43:33,161 - Node - INFO - Node: 2 - Initializing
2018-04-21 13:43:33,161 - Node - INFO - #######################
2018-04-21 13:43:33,161 - Node - INFO - Node: 2 - Calling phaseOneClustering
2018-04-21 13:43:33,161 - Node - INFO - Node: 2 - Starting Phase One Clustering
2018-04-21 13:43:33,161 - Node - INFO - Node: 2 - I am a parent not leaf
2018-04-21 13:43:33,162 - Node - INFO - Node: 2 - Starting Server
2018-04-21 13:43:33,162 - main_server - INFO - Node: 2 - Creating GRPC Server 
2018-04-21 13:43:33,162 - main_server - INFO - Node 2 - Created GRPC Server
2018-04-21 13:43:33,162 - main_server - INFO - Node: 2 - Inside Mainserver __init__
2018-04-21 13:43:33,166 - main_server - INFO - Node 2 - Starting GRPC Server
2018-04-21 13:43:33,166 - main_server - INFO - Node: 2 - GRPC Server started successfully. Entering forever listening mode...

2018-04-21 13:43:35,166 - Node - INFO - #######################
2018-04-21 13:43:35,166 - Node - INFO - Node: 3 - Initializing
2018-04-21 13:43:35,167 - Node - INFO - #######################
2018-04-21 13:43:35,167 - Node - INFO - Node: 3 - Calling phaseOneClustering
2018-04-21 13:43:35,167 - Node - INFO - Node: 3 - Starting Phase One Clustering
2018-04-21 13:43:35,167 - Node - INFO - Node: 3 - Calling phaseOneClusterStart with parentId: 1
2018-04-21 13:43:35,172 - client - INFO - Node: 3 - Starting sendSize
2018-04-21 13:43:35,176 - main_server - INFO - Node: 1 - Current size: 47
2018-04-21 13:43:35,176 - main_server - INFO - Node:1 - Child Node: 3 has size 42
2018-04-21 13:43:35,176 - main_server - INFO - Node: 1 - Sending Accept to childId: 3 after checking if all children responded or not
2018-04-21 13:43:35,177 - main_server - INFO - Node 1: - New size: 89
2018-04-21 13:43:35,177 - main_server - INFO - Node: 1 Sending accept to childId: 3
2018-04-21 13:43:35,177 - client - INFO - Node: 3 - Successfully sent the size message of size 42 to parentId: 1
2018-04-21 13:43:35,178 - client - INFO - Node: 1 - Responded to Size RPC with reply: Accepted
2018-04-21 13:43:35,178 - client - INFO - Node: 3 - Didn't get Prune 
2018-04-21 13:43:35,178 - Node - INFO - Node: 3 - Sent size() message to parent: 1
2018-04-21 13:43:35,178 - Node - INFO - Node: 3 - Starting Server
2018-04-21 13:43:35,178 - main_server - INFO - Node: 3 - Creating GRPC Server 
2018-04-21 13:43:35,178 - main_server - INFO - Node 3 - Created GRPC Server
2018-04-21 13:43:35,178 - main_server - INFO - Node: 3 - Inside Mainserver __init__
2018-04-21 13:43:35,181 - main_server - INFO - Node 3 - Starting GRPC Server
2018-04-21 13:43:35,181 - main_server - INFO - Node: 3 - GRPC Server started successfully. Entering forever listening mode...

2018-04-21 13:43:37,167 - Node - INFO - #######################
2018-04-21 13:43:37,167 - Node - INFO - Node: 4 - Initializing
2018-04-21 13:43:37,167 - Node - INFO - #######################
2018-04-21 13:43:37,167 - Node - INFO - Node: 4 - Calling phaseOneClustering
2018-04-21 13:43:37,168 - Node - INFO - Node: 4 - Starting Phase One Clustering
2018-04-21 13:43:37,168 - Node - INFO - Node: 4 - I am a parent not leaf
2018-04-21 13:43:37,168 - Node - INFO - Node: 4 - Starting Server
2018-04-21 13:43:37,168 - main_server - INFO - Node: 4 - Creating GRPC Server 
2018-04-21 13:43:37,168 - main_server - INFO - Node 4 - Created GRPC Server
2018-04-21 13:43:37,169 - main_server - INFO - Node: 4 - Inside Mainserver __init__
2018-04-21 13:43:37,172 - main_server - INFO - Node 4 - Starting GRPC Server
2018-04-21 13:43:37,172 - main_server - INFO - Node: 4 - GRPC Server started successfully. Entering forever listening mode...

2018-04-21 13:43:39,172 - Node - INFO - #######################
2018-04-21 13:43:39,173 - Node - INFO - Node: 5 - Initializing
2018-04-21 13:43:39,173 - Node - INFO - #######################
2018-04-21 13:43:39,173 - Node - INFO - Node: 5 - Calling phaseOneClustering
2018-04-21 13:43:39,173 - Node - INFO - Node: 5 - Starting Phase One Clustering
2018-04-21 13:43:39,174 - Node - INFO - Node: 5 - I am a parent not leaf
2018-04-21 13:43:39,174 - Node - INFO - Node: 5 - Starting Server
2018-04-21 13:43:39,174 - main_server - INFO - Node: 5 - Creating GRPC Server 
2018-04-21 13:43:39,174 - main_server - INFO - Node 5 - Created GRPC Server
2018-04-21 13:43:39,174 - main_server - INFO - Node: 5 - Inside Mainserver __init__
2018-04-21 13:43:39,179 - main_server - INFO - Node 5 - Starting GRPC Server
2018-04-21 13:43:39,179 - main_server - INFO - Node: 5 - GRPC Server started successfully. Entering forever listening mode...

2018-04-21 13:43:41,178 - Node - INFO - #######################
2018-04-21 13:43:41,179 - Node - INFO - Node: 6 - Initializing
2018-04-21 13:43:41,179 - Node - INFO - #######################
2018-04-21 13:43:41,179 - Node - INFO - Node: 6 - Calling phaseOneClustering
2018-04-21 13:43:41,179 - Node - INFO - Node: 6 - Starting Phase One Clustering
2018-04-21 13:43:41,179 - Node - INFO - Node: 6 - I am a parent not leaf
2018-04-21 13:43:41,179 - Node - INFO - Node: 6 - Starting Server
2018-04-21 13:43:41,180 - main_server - INFO - Node: 6 - Creating GRPC Server 
2018-04-21 13:43:41,180 - main_server - INFO - Node 6 - Created GRPC Server
2018-04-21 13:43:41,180 - main_server - INFO - Node: 6 - Inside Mainserver __init__
2018-04-21 13:43:41,184 - main_server - INFO - Node 6 - Starting GRPC Server
2018-04-21 13:43:41,184 - main_server - INFO - Node: 6 - GRPC Server started successfully. Entering forever listening mode...

2018-04-21 13:43:43,183 - Node - INFO - #######################
2018-04-21 13:43:43,184 - Node - INFO - Node: 7 - Initializing
2018-04-21 13:43:43,184 - Node - INFO - #######################
2018-04-21 13:43:43,184 - Node - INFO - Node: 7 - Calling phaseOneClustering
2018-04-21 13:43:43,184 - Node - INFO - Node: 7 - Starting Phase One Clustering
2018-04-21 13:43:43,184 - Node - INFO - Node: 7 - I am a parent not leaf
2018-04-21 13:43:43,185 - Node - INFO - Node: 7 - Starting Server
2018-04-21 13:43:43,185 - main_server - INFO - Node: 7 - Creating GRPC Server 
2018-04-21 13:43:43,185 - main_server - INFO - Node 7 - Created GRPC Server
2018-04-21 13:43:43,185 - main_server - INFO - Node: 7 - Inside Mainserver __init__
2018-04-21 13:43:43,189 - main_server - INFO - Node 7 - Starting GRPC Server
2018-04-21 13:43:43,189 - main_server - INFO - Node: 7 - GRPC Server started successfully. Entering forever listening mode...

2018-04-21 13:43:45,189 - Node - INFO - #######################
2018-04-21 13:43:45,189 - Node - INFO - Node: 8 - Initializing
2018-04-21 13:43:45,190 - Node - INFO - #######################
2018-04-21 13:43:45,190 - Node - INFO - Node: 8 - Calling phaseOneClustering
2018-04-21 13:43:45,190 - Node - INFO - Node: 8 - Starting Phase One Clustering
2018-04-21 13:43:45,190 - Node - INFO - Node: 8 - I am a parent not leaf
2018-04-21 13:43:45,190 - Node - INFO - Node: 8 - Starting Server
2018-04-21 13:43:45,191 - main_server - INFO - Node: 8 - Creating GRPC Server 
2018-04-21 13:43:45,191 - main_server - INFO - Node 8 - Created GRPC Server
2018-04-21 13:43:45,191 - main_server - INFO - Node: 8 - Inside Mainserver __init__
2018-04-21 13:43:45,195 - main_server - INFO - Node 8 - Starting GRPC Server
2018-04-21 13:43:45,195 - main_server - INFO - Node: 8 - GRPC Server started successfully. Entering forever listening mode...

2018-04-21 13:43:47,195 - Node - INFO - #######################
2018-04-21 13:43:47,195 - Node - INFO - Node: 9 - Initializing
2018-04-21 13:43:47,195 - Node - INFO - #######################
2018-04-21 13:43:47,195 - Node - INFO - Node: 9 - Calling phaseOneClustering
2018-04-21 13:43:47,196 - Node - INFO - Node: 9 - Starting Phase One Clustering
2018-04-21 13:43:47,196 - Node - INFO - Node: 9 - I am a parent not leaf
2018-04-21 13:43:47,196 - Node - INFO - Node: 9 - Starting Server
2018-04-21 13:43:47,196 - main_server - INFO - Node: 9 - Creating GRPC Server 
2018-04-21 13:43:47,197 - main_server - INFO - Node 9 - Created GRPC Server
2018-04-21 13:43:47,197 - main_server - INFO - Node: 9 - Inside Mainserver __init__
2018-04-21 13:43:47,200 - main_server - INFO - Node 9 - Starting GRPC Server
2018-04-21 13:43:47,200 - main_server - INFO - Node: 9 - GRPC Server started successfully. Entering forever listening mode...

2018-04-21 13:43:49,197 - Node - INFO - #######################
2018-04-21 13:43:49,197 - Node - INFO - Node: 10 - Initializing
2018-04-21 13:43:49,197 - Node - INFO - #######################
2018-04-21 13:43:49,197 - Node - INFO - Node: 10 - Calling phaseOneClustering
2018-04-21 13:43:49,197 - Node - INFO - Node: 10 - Starting Phase One Clustering
2018-04-21 13:43:49,197 - Node - INFO - Node: 10 - I am a parent not leaf
2018-04-21 13:43:49,198 - Node - INFO - Node: 10 - Starting Server
2018-04-21 13:43:49,198 - main_server - INFO - Node: 10 - Creating GRPC Server 
2018-04-21 13:43:49,198 - main_server - INFO - Node 10 - Created GRPC Server
2018-04-21 13:43:49,198 - main_server - INFO - Node: 10 - Inside Mainserver __init__
2018-04-21 13:43:49,201 - main_server - INFO - Node 10 - Starting GRPC Server
2018-04-21 13:43:49,201 - main_server - INFO - Node: 10 - GRPC Server started successfully. Entering forever listening mode...

2018-04-21 13:43:51,202 - Node - INFO - #######################
2018-04-21 13:43:51,203 - Node - INFO - Node: 11 - Initializing
2018-04-21 13:43:51,203 - Node - INFO - #######################
2018-04-21 13:43:51,203 - Node - INFO - Node: 11 - Calling phaseOneClustering
2018-04-21 13:43:51,203 - Node - INFO - Node: 11 - Starting Phase One Clustering
2018-04-21 13:43:51,203 - Node - INFO - Node: 11 - I am a parent not leaf
2018-04-21 13:43:51,204 - Node - INFO - Node: 11 - Starting Server
2018-04-21 13:43:51,204 - main_server - INFO - Node: 11 - Creating GRPC Server 
2018-04-21 13:43:51,204 - main_server - INFO - Node 11 - Created GRPC Server
2018-04-21 13:43:51,204 - main_server - INFO - Node: 11 - Inside Mainserver __init__
2018-04-21 13:43:51,208 - main_server - INFO - Node 11 - Starting GRPC Server
2018-04-21 13:43:51,208 - main_server - INFO - Node: 11 - GRPC Server started successfully. Entering forever listening mode...

