2018-04-08 09:44:38,436 - Node - INFO - Initializing Node: 0
2018-04-08 09:44:38,436 - Node - INFO - Calling weightMatrix for id: 0
2018-04-08 09:44:38,436 - Node - INFO - Calling phaseOneClustering
2018-04-08 09:44:38,436 - Node - INFO - Starting Phase One Clustering on Node: 0
2018-04-08 09:44:38,436 - Node - INFO - I am a parent not leaf: Node: 0
2018-04-08 09:44:38,436 - Node - INFO - Starting Server on Node: 0
2018-04-08 09:44:38,436 - main_server - INFO - Server starting for Node: 0
2018-04-08 09:44:38,441 - main_server - INFO - Server Created
2018-04-08 09:44:38,441 - main_server - INFO - Inside Mainserver __init__:
2018-04-08 09:44:38,441 - main_server - INFO - Node created inside __init__ Mainserver...
2018-04-08 09:44:38,442 - main_server - INFO - Main Server init called successfully
2018-04-08 09:44:38,446 - main_server - INFO - Run port assigned
2018-04-08 09:44:38,447 - main_server - INFO - Server started successfully. Entering forever while below
2018-04-08 09:44:38,448 - main_server - INFO - Inside forever while....
2018-04-08 09:44:40,959 - Node - INFO - Initializing Node: 1
2018-04-08 09:44:40,960 - Node - INFO - Calling weightMatrix for id: 1
2018-04-08 09:44:40,960 - Node - INFO - Calling phaseOneClustering
2018-04-08 09:44:40,960 - Node - INFO - Starting Phase One Clustering on Node: 1
2018-04-08 09:44:40,960 - Node - INFO - I am a parent not leaf: Node: 1
2018-04-08 09:44:40,960 - Node - INFO - Starting Server on Node: 1
2018-04-08 09:44:40,960 - main_server - INFO - Server starting for Node: 1
2018-04-08 09:44:40,963 - main_server - INFO - Server Created
2018-04-08 09:44:40,963 - main_server - INFO - Inside Mainserver __init__:
2018-04-08 09:44:40,963 - main_server - INFO - Node created inside __init__ Mainserver...
2018-04-08 09:44:40,964 - main_server - INFO - Main Server init called successfully
2018-04-08 09:44:40,966 - main_server - INFO - Run port assigned
2018-04-08 09:44:40,968 - main_server - INFO - Server started successfully. Entering forever while below
2018-04-08 09:44:40,968 - main_server - INFO - Inside forever while....
2018-04-08 09:44:42,902 - Node - INFO - Initializing Node: 2
2018-04-08 09:44:42,902 - Node - INFO - Calling weightMatrix for id: 2
2018-04-08 09:44:42,903 - Node - INFO - Calling phaseOneClustering
2018-04-08 09:44:42,903 - Node - INFO - Starting Phase One Clustering on Node: 2
2018-04-08 09:44:42,903 - Node - INFO - I am a parent not leaf: Node: 2
2018-04-08 09:44:42,903 - Node - INFO - Starting Server on Node: 2
2018-04-08 09:44:42,903 - main_server - INFO - Server starting for Node: 2
2018-04-08 09:44:42,906 - main_server - INFO - Server Created
2018-04-08 09:44:42,906 - main_server - INFO - Inside Mainserver __init__:
2018-04-08 09:44:42,906 - main_server - INFO - Node created inside __init__ Mainserver...
2018-04-08 09:44:42,907 - main_server - INFO - Main Server init called successfully
2018-04-08 09:44:42,909 - main_server - INFO - Run port assigned
2018-04-08 09:44:42,911 - main_server - INFO - Server started successfully. Entering forever while below
2018-04-08 09:44:42,911 - main_server - INFO - Inside forever while....
2018-04-08 09:44:44,664 - Node - INFO - Initializing Node: 3
2018-04-08 09:44:44,664 - Node - INFO - Calling weightMatrix for id: 3
2018-04-08 09:44:44,664 - Node - INFO - Calling phaseOneClustering
2018-04-08 09:44:44,664 - Node - INFO - Starting Phase One Clustering on Node: 3
2018-04-08 09:44:44,664 - Node - INFO - Calling phaseOneClusterStart on client.py from Node.py with parentId: 1
2018-04-08 09:44:44,670 - client - INFO - sendSize starting on client.py for node: 3
2018-04-08 09:44:44,675 - main_server - INFO - Server Node:1 current size is 47
2018-04-08 09:44:44,675 - main_server - INFO - Server Node:1 Child size is 42
2018-04-08 09:44:44,676 - main_server - INFO - Sending Accept after checking if all children responded or not
2018-04-08 09:44:44,676 - main_server - INFO - Node 1: new size is 89
2018-04-08 09:44:44,676 - main_server - INFO - Node: 1 Sending accept to child
2018-04-08 09:44:44,676 - client - INFO - Node 3 sent the size message of size 42 to 1
2018-04-08 09:44:44,677 - client - INFO - Node 1: responded to Size RPC with reply: Accepted
2018-04-08 09:44:44,677 - client - INFO - Didn't get Prune Node: 3
2018-04-08 09:44:44,677 - Node - INFO - Node: 3 sent size() message to parent: 1
2018-04-08 09:44:44,677 - Node - INFO - Starting Server on Node: 3
2018-04-08 09:44:44,677 - main_server - INFO - Server starting for Node: 3
2018-04-08 09:44:44,679 - main_server - INFO - Server Created
2018-04-08 09:44:44,680 - main_server - INFO - Inside Mainserver __init__:
2018-04-08 09:44:44,680 - main_server - INFO - Node created inside __init__ Mainserver...
2018-04-08 09:44:44,681 - main_server - INFO - Main Server init called successfully
2018-04-08 09:44:44,682 - main_server - INFO - Run port assigned
2018-04-08 09:44:44,683 - main_server - INFO - Server started successfully. Entering forever while below
2018-04-08 09:44:44,683 - main_server - INFO - Inside forever while....
2018-04-08 09:44:46,445 - Node - INFO - Initializing Node: 4
2018-04-08 09:44:46,445 - Node - INFO - Calling weightMatrix for id: 4
2018-04-08 09:44:46,445 - Node - INFO - Calling phaseOneClustering
2018-04-08 09:44:46,445 - Node - INFO - Starting Phase One Clustering on Node: 4
2018-04-08 09:44:46,445 - Node - INFO - Calling phaseOneClusterStart on client.py from Node.py with parentId: 2
2018-04-08 09:44:46,449 - client - INFO - sendSize starting on client.py for node: 4
2018-04-08 09:44:46,452 - main_server - INFO - Server Node:2 current size is 37
2018-04-08 09:44:46,452 - main_server - INFO - Server Node:2 Child size is 42
2018-04-08 09:44:46,452 - main_server - INFO - Sending Accept after checking if all children responded or not
2018-04-08 09:44:46,453 - main_server - INFO - Node 2: new size is 79
2018-04-08 09:44:46,453 - main_server - INFO - Node: 2 Sending accept to child
2018-04-08 09:44:46,453 - client - INFO - Node 4 sent the size message of size 42 to 2
2018-04-08 09:44:46,453 - client - INFO - Node 2: responded to Size RPC with reply: Accepted
2018-04-08 09:44:46,453 - client - INFO - Didn't get Prune Node: 4
2018-04-08 09:44:46,454 - Node - INFO - Node: 4 sent size() message to parent: 2
2018-04-08 09:44:46,454 - Node - INFO - Starting Server on Node: 4
2018-04-08 09:44:46,454 - main_server - INFO - Server starting for Node: 4
2018-04-08 09:44:46,455 - main_server - INFO - Server Created
2018-04-08 09:44:46,455 - main_server - INFO - Inside Mainserver __init__:
2018-04-08 09:44:46,455 - main_server - INFO - Node created inside __init__ Mainserver...
2018-04-08 09:44:46,456 - main_server - INFO - Main Server init called successfully
2018-04-08 09:44:46,457 - main_server - INFO - Run port assigned
2018-04-08 09:44:46,459 - main_server - INFO - Server started successfully. Entering forever while below
2018-04-08 09:44:46,459 - main_server - INFO - Inside forever while....
2018-04-08 09:44:48,057 - Node - INFO - Initializing Node: 5
2018-04-08 09:44:48,057 - Node - INFO - Calling weightMatrix for id: 5
2018-04-08 09:44:48,057 - Node - INFO - Calling phaseOneClustering
2018-04-08 09:44:48,057 - Node - INFO - Starting Phase One Clustering on Node: 5
2018-04-08 09:44:48,057 - Node - INFO - Calling phaseOneClusterStart on client.py from Node.py with parentId: 1
2018-04-08 09:44:48,060 - client - INFO - sendSize starting on client.py for node: 5
2018-04-08 09:44:48,064 - main_server - INFO - Server Node:1 current size is 89
2018-04-08 09:44:48,064 - main_server - INFO - Server Node:1 Child size is 26
2018-04-08 09:44:48,064 - main_server - INFO - Sending Accept after checking if all children responded or not
2018-04-08 09:44:48,065 - main_server - INFO - Node 1: new size is 115
2018-04-08 09:44:48,065 - main_server - INFO - All children responded. Sending size to parent
2018-04-08 09:44:48,066 - main_server - INFO - Node: 1 Sending accept to child
2018-04-08 09:44:48,067 - client - INFO - Node 5 sent the size message of size 26 to 1
2018-04-08 09:44:48,067 - client - INFO - Node 1: responded to Size RPC with reply: Accepted
2018-04-08 09:44:48,067 - client - INFO - Didn't get Prune Node: 5
2018-04-08 09:44:48,067 - client - INFO - sendSize starting on client.py for node: 1
2018-04-08 09:44:48,067 - Node - INFO - Node: 5 sent size() message to parent: 1
2018-04-08 09:44:48,068 - Node - INFO - Starting Server on Node: 5
2018-04-08 09:44:48,068 - main_server - INFO - Server starting for Node: 5
2018-04-08 09:44:48,070 - main_server - INFO - Server Created
2018-04-08 09:44:48,070 - main_server - INFO - Inside Mainserver __init__:
2018-04-08 09:44:48,070 - main_server - INFO - Server Node:0 current size is 34
2018-04-08 09:44:48,070 - main_server - INFO - Node created inside __init__ Mainserver...
2018-04-08 09:44:48,070 - main_server - INFO - Server Node:0 Child size is 115
2018-04-08 09:44:48,070 - main_server - INFO - Node id: 0 Sending Prune after checking if all children responded or not
2018-04-08 09:44:48,070 - main_server - INFO - Node id: 0 removed child 1 from childList
2018-04-08 09:44:48,070 - main_server - INFO - Node: 0 Sending Prune
2018-04-08 09:44:48,071 - client - INFO - Node 1 sent the size message of size 115 to 0
2018-04-08 09:44:48,071 - client - INFO - Node 0: responded to Size RPC with reply: Prune
2018-04-08 09:44:48,071 - client - INFO - Got Prune 1
2018-04-08 09:44:48,071 - main_server - INFO - Main Server init called successfully
2018-04-08 09:44:48,071 - client - INFO - Node 1: sending cluster message to child id: 3
2018-04-08 09:44:48,072 - main_server - INFO - Run port assigned
2018-04-08 09:44:48,072 - client - INFO - Child IP: localhost:50053
2018-04-08 09:44:48,074 - main_server - INFO - Server started successfully. Entering forever while below
2018-04-08 09:44:48,074 - main_server - INFO - Server Node: 3 is now joining Clusterleader C1
2018-04-08 09:44:48,074 - main_server - INFO - Inside forever while....
2018-04-08 09:44:48,074 - main_server - INFO - Server Node: has NO children.
2018-04-08 09:44:48,074 - client - INFO - Node 1: sent cluster message to child id: 3
2018-04-08 09:44:48,075 - client - INFO - Node 1: got the reply: Joinedfrom child id: 3
2018-04-08 09:44:48,075 - client - INFO - Node 1: sending cluster message to child id: 5
2018-04-08 09:44:48,075 - client - INFO - Child IP: localhost:50055
2018-04-08 09:44:48,078 - main_server - INFO - Server Node: 5 is now joining Clusterleader C1
2018-04-08 09:44:48,079 - main_server - INFO - Server Node: has NO children.
2018-04-08 09:44:48,079 - client - INFO - Node 1: sent cluster message to child id: 5
2018-04-08 09:44:48,079 - client - INFO - Node 1: got the reply: Joinedfrom child id: 5
2018-04-08 09:44:49,713 - Node - INFO - Initializing Node: 7
2018-04-08 09:44:49,713 - Node - INFO - Calling weightMatrix for id: 7
2018-04-08 09:44:49,713 - Node - INFO - Calling phaseOneClustering
2018-04-08 09:44:49,713 - Node - INFO - Starting Phase One Clustering on Node: 7
2018-04-08 09:44:49,713 - Node - INFO - I am a parent not leaf: Node: 7
2018-04-08 09:44:49,713 - Node - INFO - Starting Server on Node: 7
2018-04-08 09:44:49,713 - main_server - INFO - Server starting for Node: 7
2018-04-08 09:44:49,716 - main_server - INFO - Server Created
2018-04-08 09:44:49,716 - main_server - INFO - Inside Mainserver __init__:
2018-04-08 09:44:49,716 - main_server - INFO - Node created inside __init__ Mainserver...
2018-04-08 09:44:49,717 - main_server - INFO - Main Server init called successfully
2018-04-08 09:44:49,720 - main_server - INFO - Run port assigned
2018-04-08 09:44:49,722 - main_server - INFO - Server started successfully. Entering forever while below
2018-04-08 09:44:49,722 - main_server - INFO - Inside forever while....
2018-04-08 09:44:51,967 - Node - INFO - Initializing Node: 6
2018-04-08 09:44:51,967 - Node - INFO - Calling weightMatrix for id: 6
2018-04-08 09:44:51,967 - Node - INFO - Calling phaseOneClustering
2018-04-08 09:44:51,968 - Node - INFO - Starting Phase One Clustering on Node: 6
2018-04-08 09:44:51,968 - Node - INFO - Calling phaseOneClusterStart on client.py from Node.py with parentId: 7
2018-04-08 09:44:51,971 - client - INFO - sendSize starting on client.py for node: 6
2018-04-08 09:44:51,975 - main_server - INFO - Server Node:7 current size is 65
2018-04-08 09:44:51,975 - main_server - INFO - Server Node:7 Child size is 44
2018-04-08 09:44:51,976 - main_server - INFO - Sending Accept after checking if all children responded or not
2018-04-08 09:44:51,976 - main_server - INFO - Node 7: new size is 109
2018-04-08 09:44:51,976 - main_server - INFO - Node: 7 Sending accept to child
2018-04-08 09:44:51,976 - client - INFO - Node 6 sent the size message of size 44 to 7
2018-04-08 09:44:51,976 - client - INFO - Node 7: responded to Size RPC with reply: Accepted
2018-04-08 09:44:51,977 - client - INFO - Didn't get Prune Node: 6
2018-04-08 09:44:51,977 - Node - INFO - Node: 6 sent size() message to parent: 7
2018-04-08 09:44:51,977 - Node - INFO - Starting Server on Node: 6
2018-04-08 09:44:51,977 - main_server - INFO - Server starting for Node: 6
2018-04-08 09:44:51,978 - main_server - INFO - Server Created
2018-04-08 09:44:51,979 - main_server - INFO - Inside Mainserver __init__:
2018-04-08 09:44:51,979 - main_server - INFO - Node created inside __init__ Mainserver...
2018-04-08 09:44:51,980 - main_server - INFO - Main Server init called successfully
2018-04-08 09:44:51,981 - main_server - INFO - Run port assigned
2018-04-08 09:44:51,983 - main_server - INFO - Server started successfully. Entering forever while below
2018-04-08 09:44:51,983 - main_server - INFO - Inside forever while....
2018-04-08 09:44:53,992 - Node - INFO - Initializing Node: 8
2018-04-08 09:44:53,992 - Node - INFO - Calling weightMatrix for id: 8
2018-04-08 09:44:53,992 - Node - INFO - Calling phaseOneClustering
2018-04-08 09:44:53,992 - Node - INFO - Starting Phase One Clustering on Node: 8
2018-04-08 09:44:53,992 - Node - INFO - Calling phaseOneClusterStart on client.py from Node.py with parentId: 7
2018-04-08 09:44:53,995 - client - INFO - sendSize starting on client.py for node: 8
2018-04-08 09:44:53,999 - main_server - INFO - Server Node:7 current size is 109
2018-04-08 09:44:54,000 - main_server - INFO - Server Node:7 Child size is 69
2018-04-08 09:44:54,000 - main_server - INFO - Node id: 7 Sending Prune after checking if all children responded or not
2018-04-08 09:44:54,000 - main_server - INFO - Node id: 7 All children responded. Sending size to parent
2018-04-08 09:44:54,001 - main_server - INFO - Node id: 7 removed child 8 from childList
2018-04-08 09:44:54,002 - client - INFO - sendSize starting on client.py for node: 7
2018-04-08 09:44:54,002 - main_server - INFO - Node: 7 Sending Prune
2018-04-08 09:44:54,003 - client - INFO - Node 8 sent the size message of size 69 to 7
2018-04-08 09:44:54,003 - client - INFO - Node 7: responded to Size RPC with reply: Prune
2018-04-08 09:44:54,003 - client - INFO - Got Prune 8
2018-04-08 09:44:54,003 - Node - INFO - Node: 8 sent size() message to parent: None
2018-04-08 09:44:54,004 - Node - INFO - Starting Server on Node: 8
2018-04-08 09:44:54,004 - main_server - INFO - Server starting for Node: 8
2018-04-08 09:44:54,004 - main_server - INFO - Server Node:2 current size is 79
2018-04-08 09:44:54,005 - main_server - INFO - Server Node:2 Child size is 109
2018-04-08 09:44:54,005 - main_server - INFO - Node id: 2 Sending Prune after checking if all children responded or not
2018-04-08 09:44:54,005 - main_server - INFO - Node id: 2 All children responded. Sending size to parent
2018-04-08 09:44:54,005 - main_server - INFO - Server Created
2018-04-08 09:44:54,005 - main_server - INFO - Inside Mainserver __init__:
2018-04-08 09:44:54,005 - main_server - INFO - Node created inside __init__ Mainserver...
2018-04-08 09:44:54,006 - main_server - INFO - Node id: 2 removed child 7 from childList
2018-04-08 09:44:54,006 - client - INFO - sendSize starting on client.py for node: 2
2018-04-08 09:44:54,007 - main_server - INFO - Main Server init called successfully
2018-04-08 09:44:54,007 - main_server - INFO - Node: 2 Sending Prune
2018-04-08 09:44:54,007 - main_server - INFO - Run port assigned
2018-04-08 09:44:54,007 - client - INFO - Node 7 sent the size message of size 109 to 2
2018-04-08 09:44:54,008 - client - INFO - Node 2: responded to Size RPC with reply: Prune
2018-04-08 09:44:54,008 - client - INFO - Got Prune 7
2018-04-08 09:44:54,009 - client - INFO - Node 7: sending cluster message to child id: 6
2018-04-08 09:44:54,009 - main_server - INFO - Server Node:0 current size is 34
2018-04-08 09:44:54,009 - client - INFO - Child IP: localhost:50056
2018-04-08 09:44:54,009 - main_server - INFO - Server Node:0 Child size is 79
2018-04-08 09:44:54,009 - main_server - INFO - Server started successfully. Entering forever while below
2018-04-08 09:44:54,009 - main_server - INFO - Sending Accept after checking if all children responded or not
2018-04-08 09:44:54,010 - main_server - INFO - Inside forever while....
2018-04-08 09:44:54,010 - main_server - INFO - Node 0: new size is 113
2018-04-08 09:44:54,010 - main_server - INFO - All children responded. Sending size to parent
2018-04-08 09:44:54,012 - main_server - INFO - Server Node: 6 is now joining Clusterleader C7
2018-04-08 09:44:54,012 - main_server - INFO - Server Node: has NO children.
2018-04-08 09:44:54,012 - main_server - INFO - Node: 0 Sending accept to child
2018-04-08 09:44:54,013 - client - INFO - Node 7: sent cluster message to child id: 6
2018-04-08 09:44:54,012 - client - INFO - Node 0: sending cluster message to child id: 2
2018-04-08 09:44:54,013 - client - INFO - Node 7: got the reply: Joinedfrom child id: 6
2018-04-08 09:44:54,014 - client - INFO - Node 2 sent the size message of size 79 to 0
2018-04-08 09:44:54,014 - client - INFO - Child IP: localhost:50052
2018-04-08 09:44:54,014 - client - INFO - Node 0: responded to Size RPC with reply: Accepted
2018-04-08 09:44:54,014 - client - INFO - Didn't get Prune Node: 2
2018-04-08 09:44:54,015 - main_server - INFO - Server Node: 2 is now joining Clusterleader C0
2018-04-08 09:44:54,016 - main_server - INFO - Server Node:2 has children. Starting ClusterheadId Propagation
2018-04-08 09:44:54,016 - client - INFO - Node 0: sent cluster message to child id: 2
2018-04-08 09:44:54,016 - client - INFO - Node 0: got the reply: Joinedfrom child id: 2
2018-04-08 09:44:54,016 - client - INFO - Node 2: is sending propagate cluster message to child id: 4
2018-04-08 09:44:54,018 - main_server - INFO - Server Node: 4 is now joining Clusterleader C0
2018-04-08 09:44:54,018 - main_server - INFO - Server Node: has NO children.
2018-04-08 09:44:54,019 - client - INFO - Node 2: sent cluster message to child id: 4
2018-04-08 09:44:54,019 - client - INFO - Node 2: got the reply: Joinedfrom child id: 4
2018-04-08 09:45:30,662 - Node - INFO - Server successfully started on node: 0
2018-04-08 09:45:31,974 - Node - INFO - Server successfully started on node: 1
2018-04-08 09:45:33,829 - Node - INFO - Server successfully started on node: 2
2018-04-08 09:45:35,014 - Node - INFO - Server successfully started on node: 3
2018-04-08 09:45:35,974 - Node - INFO - Server successfully started on node: 4
2018-04-08 09:45:36,960 - Node - INFO - Server successfully started on node: 5
2018-04-08 09:45:37,910 - Node - INFO - Server successfully started on node: 7
2018-04-08 09:45:38,854 - Node - INFO - Server successfully started on node: 6
2018-04-08 09:45:39,862 - Node - INFO - Server successfully started on node: 8
