2018-04-17 19:53:34,129 - Node - INFO - #######################
2018-04-17 19:53:34,129 - Node - INFO - Node: 0 - Initializing
2018-04-17 19:53:34,129 - Node - INFO - #######################
2018-04-17 19:53:34,129 - Node - INFO - Node: 0 - Calling phaseOneClustering
2018-04-17 19:53:34,129 - Node - INFO - Node: %s - Starting Phase One Clustering0
2018-04-17 19:53:34,130 - Node - INFO - Node: 0 - I am a parent not leaf
2018-04-17 19:53:34,130 - Node - INFO - Node: 0 - Starting Server
2018-04-17 19:53:34,130 - main_server - INFO - Node: 0 - Creating GRPC Server 
2018-04-17 19:53:34,133 - main_server - INFO - Node 0 - Created GRPC Server
2018-04-17 19:53:34,133 - main_server - INFO - Node: 0 - Inside Mainserver __init__
2018-04-17 19:53:34,137 - main_server - INFO - Node 0 - Starting GRPC Server
2018-04-17 19:53:34,138 - main_server - INFO - Node: 0 - GRPC Server started successfully. Entering forever listening mode...

2018-04-17 19:53:36,129 - Node - INFO - #######################
2018-04-17 19:53:36,130 - Node - INFO - Node: 1 - Initializing
2018-04-17 19:53:36,130 - Node - INFO - #######################
2018-04-17 19:53:36,130 - Node - INFO - Node: 1 - Calling phaseOneClustering
2018-04-17 19:53:36,130 - Node - INFO - Node: %s - Starting Phase One Clustering1
2018-04-17 19:53:36,131 - Node - INFO - Node: 1 - I am a parent not leaf
2018-04-17 19:53:36,131 - Node - INFO - Node: 1 - Starting Server
2018-04-17 19:53:36,131 - main_server - INFO - Node: 1 - Creating GRPC Server 
2018-04-17 19:53:36,131 - main_server - INFO - Node 1 - Created GRPC Server
2018-04-17 19:53:36,131 - main_server - INFO - Node: 1 - Inside Mainserver __init__
2018-04-17 19:53:36,135 - main_server - INFO - Node 1 - Starting GRPC Server
2018-04-17 19:53:36,135 - main_server - INFO - Node: 1 - GRPC Server started successfully. Entering forever listening mode...

2018-04-17 19:53:38,131 - Node - INFO - #######################
2018-04-17 19:53:38,131 - Node - INFO - Node: 2 - Initializing
2018-04-17 19:53:38,132 - Node - INFO - #######################
2018-04-17 19:53:38,132 - Node - INFO - Node: 2 - Calling phaseOneClustering
2018-04-17 19:53:38,132 - Node - INFO - Node: %s - Starting Phase One Clustering2
2018-04-17 19:53:38,132 - Node - INFO - Node: 2 - I am a parent not leaf
2018-04-17 19:53:38,132 - Node - INFO - Node: 2 - Starting Server
2018-04-17 19:53:38,133 - main_server - INFO - Node: 2 - Creating GRPC Server 
2018-04-17 19:53:38,133 - main_server - INFO - Node 2 - Created GRPC Server
2018-04-17 19:53:38,133 - main_server - INFO - Node: 2 - Inside Mainserver __init__
2018-04-17 19:53:38,136 - main_server - INFO - Node 2 - Starting GRPC Server
2018-04-17 19:53:38,137 - main_server - INFO - Node: 2 - GRPC Server started successfully. Entering forever listening mode...

2018-04-17 19:53:40,132 - Node - INFO - #######################
2018-04-17 19:53:40,133 - Node - INFO - Node: 3 - Initializing
2018-04-17 19:53:40,133 - Node - INFO - #######################
2018-04-17 19:53:40,133 - Node - INFO - Node: 3 - Calling phaseOneClustering
2018-04-17 19:53:40,133 - Node - INFO - Node: %s - Starting Phase One Clustering3
2018-04-17 19:53:40,134 - Node - INFO - Node: 3 - Calling phaseOneClusterStart with parentId: 1
2018-04-17 19:53:40,136 - client - INFO - Node: 3 - Starting sendSize
2018-04-17 19:53:40,139 - main_server - INFO - Node: 1 - Current size: 47
2018-04-17 19:53:40,139 - main_server - INFO - Node:1 - Child Node: 3 has size 42
2018-04-17 19:53:40,139 - main_server - INFO - Node: 1 - Sending Accept to childId: 3 after checking if all children responded or not
2018-04-17 19:53:40,140 - main_server - INFO - Node 1: - New size: 89
2018-04-17 19:53:40,140 - main_server - INFO - Node: 1 Sending accept to childId: 3
2018-04-17 19:53:40,140 - client - INFO - Node: 3 - Successfully sent the size message of size 42 to parentId: 1
2018-04-17 19:53:40,141 - client - INFO - Node: 1 - Responded to Size RPC with reply: Accepted
2018-04-17 19:53:40,141 - client - INFO - Node: 3 - Didn't get Prune 
2018-04-17 19:53:40,141 - Node - INFO - Node: 3 - Sent size() message to parent: 1
2018-04-17 19:53:40,141 - Node - INFO - Node: 3 - Starting Server
2018-04-17 19:53:40,141 - main_server - INFO - Node: 3 - Creating GRPC Server 
2018-04-17 19:53:40,141 - main_server - INFO - Node 3 - Created GRPC Server
2018-04-17 19:53:40,141 - main_server - INFO - Node: 3 - Inside Mainserver __init__
2018-04-17 19:53:40,144 - main_server - INFO - Node 3 - Starting GRPC Server
2018-04-17 19:53:40,144 - main_server - INFO - Node: 3 - GRPC Server started successfully. Entering forever listening mode...

2018-04-17 19:53:42,138 - Node - INFO - #######################
2018-04-17 19:53:42,139 - Node - INFO - Node: 4 - Initializing
2018-04-17 19:53:42,139 - Node - INFO - #######################
2018-04-17 19:53:42,139 - Node - INFO - Node: 4 - Calling phaseOneClustering
2018-04-17 19:53:42,139 - Node - INFO - Node: %s - Starting Phase One Clustering4
2018-04-17 19:53:42,139 - Node - INFO - Node: 4 - I am a parent not leaf
2018-04-17 19:53:42,139 - Node - INFO - Node: 4 - Starting Server
2018-04-17 19:53:42,140 - main_server - INFO - Node: 4 - Creating GRPC Server 
2018-04-17 19:53:42,140 - main_server - INFO - Node 4 - Created GRPC Server
2018-04-17 19:53:42,140 - main_server - INFO - Node: 4 - Inside Mainserver __init__
2018-04-17 19:53:42,144 - main_server - INFO - Node 4 - Starting GRPC Server
2018-04-17 19:53:42,144 - main_server - INFO - Node: 4 - GRPC Server started successfully. Entering forever listening mode...

2018-04-17 19:53:44,142 - Node - INFO - #######################
2018-04-17 19:53:44,143 - Node - INFO - Node: 5 - Initializing
2018-04-17 19:53:44,143 - Node - INFO - #######################
2018-04-17 19:53:44,143 - Node - INFO - Node: 5 - Calling phaseOneClustering
2018-04-17 19:53:44,143 - Node - INFO - Node: %s - Starting Phase One Clustering5
2018-04-17 19:53:44,143 - Node - INFO - Node: 5 - I am a parent not leaf
2018-04-17 19:53:44,144 - Node - INFO - Node: 5 - Starting Server
2018-04-17 19:53:44,144 - main_server - INFO - Node: 5 - Creating GRPC Server 
2018-04-17 19:53:44,144 - main_server - INFO - Node 5 - Created GRPC Server
2018-04-17 19:53:44,144 - main_server - INFO - Node: 5 - Inside Mainserver __init__
2018-04-17 19:53:44,148 - main_server - INFO - Node 5 - Starting GRPC Server
2018-04-17 19:53:44,148 - main_server - INFO - Node: 5 - GRPC Server started successfully. Entering forever listening mode...

2018-04-17 19:53:46,146 - Node - INFO - #######################
2018-04-17 19:53:46,146 - Node - INFO - Node: 7 - Initializing
2018-04-17 19:53:46,147 - Node - INFO - #######################
2018-04-17 19:53:46,147 - Node - INFO - Node: 7 - Calling phaseOneClustering
2018-04-17 19:53:46,147 - Node - INFO - Node: %s - Starting Phase One Clustering7
2018-04-17 19:53:46,147 - Node - INFO - Node: 7 - I am a parent not leaf
2018-04-17 19:53:46,147 - Node - INFO - Node: 7 - Starting Server
2018-04-17 19:53:46,148 - main_server - INFO - Node: 7 - Creating GRPC Server 
2018-04-17 19:53:46,148 - main_server - INFO - Node 7 - Created GRPC Server
2018-04-17 19:53:46,148 - main_server - INFO - Node: 7 - Inside Mainserver __init__
2018-04-17 19:53:46,151 - main_server - INFO - Node 7 - Starting GRPC Server
2018-04-17 19:53:46,152 - main_server - INFO - Node: 7 - GRPC Server started successfully. Entering forever listening mode...

2018-04-17 19:53:48,152 - Node - INFO - #######################
2018-04-17 19:53:48,152 - Node - INFO - Node: 6 - Initializing
2018-04-17 19:53:48,152 - Node - INFO - #######################
2018-04-17 19:53:48,153 - Node - INFO - Node: 6 - Calling phaseOneClustering
2018-04-17 19:53:48,153 - Node - INFO - Node: %s - Starting Phase One Clustering6
2018-04-17 19:53:48,153 - Node - INFO - Node: 6 - Calling phaseOneClusterStart with parentId: 7
2018-04-17 19:53:48,154 - client - INFO - Node: 6 - Starting sendSize
2018-04-17 19:53:48,157 - main_server - INFO - Node: 7 - Current size: 43
2018-04-17 19:53:48,157 - main_server - INFO - Node:7 - Child Node: 6 has size 44
2018-04-17 19:53:48,157 - main_server - INFO - Node: 7 - Sending Accept to childId: 6 after checking if all children responded or not
2018-04-17 19:53:48,158 - main_server - INFO - Node 7: - New size: 87
2018-04-17 19:53:48,158 - main_server - INFO - Node: 7 Sending accept to childId: 6
2018-04-17 19:53:48,158 - client - INFO - Node: 6 - Successfully sent the size message of size 44 to parentId: 7
2018-04-17 19:53:48,159 - client - INFO - Node: 7 - Responded to Size RPC with reply: Accepted
2018-04-17 19:53:48,159 - client - INFO - Node: 6 - Didn't get Prune 
2018-04-17 19:53:48,159 - Node - INFO - Node: 6 - Sent size() message to parent: 7
2018-04-17 19:53:48,159 - Node - INFO - Node: 6 - Starting Server
2018-04-17 19:53:48,159 - main_server - INFO - Node: 6 - Creating GRPC Server 
2018-04-17 19:53:48,159 - main_server - INFO - Node 6 - Created GRPC Server
2018-04-17 19:53:48,160 - main_server - INFO - Node: 6 - Inside Mainserver __init__
2018-04-17 19:53:48,162 - main_server - INFO - Node 6 - Starting GRPC Server
2018-04-17 19:53:48,162 - main_server - INFO - Node: 6 - GRPC Server started successfully. Entering forever listening mode...

2018-04-17 19:53:50,155 - Node - INFO - #######################
2018-04-17 19:53:50,155 - Node - INFO - Node: 8 - Initializing
2018-04-17 19:53:50,155 - Node - INFO - #######################
2018-04-17 19:53:50,155 - Node - INFO - Node: 8 - Calling phaseOneClustering
2018-04-17 19:53:50,155 - Node - INFO - Node: %s - Starting Phase One Clustering8
2018-04-17 19:53:50,156 - Node - INFO - Node: 8 - I am a parent not leaf
2018-04-17 19:53:50,156 - Node - INFO - Node: 8 - Starting Server
2018-04-17 19:53:50,156 - main_server - INFO - Node: 8 - Creating GRPC Server 
2018-04-17 19:53:50,156 - main_server - INFO - Node 8 - Created GRPC Server
2018-04-17 19:53:50,156 - main_server - INFO - Node: 8 - Inside Mainserver __init__
2018-04-17 19:53:50,161 - main_server - INFO - Node 8 - Starting GRPC Server
2018-04-17 19:53:50,162 - main_server - INFO - Node: 8 - GRPC Server started successfully. Entering forever listening mode...

2018-04-17 19:53:52,160 - Node - INFO - #######################
2018-04-17 19:53:52,161 - Node - INFO - Node: 9 - Initializing
2018-04-17 19:53:52,161 - Node - INFO - #######################
2018-04-17 19:53:52,161 - Node - INFO - Node: 9 - Calling phaseOneClustering
2018-04-17 19:53:52,161 - Node - INFO - Node: %s - Starting Phase One Clustering9
2018-04-17 19:53:52,161 - Node - INFO - Node: 9 - Calling phaseOneClusterStart with parentId: 4
2018-04-17 19:53:52,162 - client - INFO - Node: 9 - Starting sendSize
2018-04-17 19:53:52,167 - main_server - INFO - Node: 4 - Current size: 42
2018-04-17 19:53:52,167 - main_server - INFO - Node:4 - Child Node: 9 has size 27
2018-04-17 19:53:52,168 - main_server - INFO - Node: 4 - Sending Accept to childId: 9 after checking if all children responded or not
2018-04-17 19:53:52,168 - main_server - INFO - Node 4: - New size: 69
2018-04-17 19:53:52,168 - main_server - INFO - Node: 4 - All children responded. Sending size to parent
2018-04-17 19:53:52,169 - main_server - INFO - Node: 4 Sending accept to childId: 9
2018-04-17 19:53:52,170 - client - INFO - Node: 4 - Starting sendSize
2018-04-17 19:53:52,170 - client - INFO - Node: 9 - Successfully sent the size message of size 27 to parentId: 4
2018-04-17 19:53:52,171 - client - INFO - Node: 4 - Responded to Size RPC with reply: Accepted
2018-04-17 19:53:52,172 - client - INFO - Node: 9 - Didn't get Prune 
2018-04-17 19:53:52,172 - Node - INFO - Node: 9 - Sent size() message to parent: 4
2018-04-17 19:53:52,172 - Node - INFO - Node: 9 - Starting Server
2018-04-17 19:53:52,172 - main_server - INFO - Node: 9 - Creating GRPC Server 
2018-04-17 19:53:52,173 - main_server - INFO - Node 9 - Created GRPC Server
2018-04-17 19:53:52,174 - main_server - INFO - Node: 9 - Inside Mainserver __init__
2018-04-17 19:53:52,174 - main_server - INFO - Node: 2 - Current size: 37
2018-04-17 19:53:52,174 - main_server - INFO - Node:2 - Child Node: 4 has size 69
2018-04-17 19:53:52,175 - main_server - INFO - Node: 2 - Sending Accept to childId: 4 after checking if all children responded or not
2018-04-17 19:53:52,175 - main_server - INFO - Node 2: - New size: 106
2018-04-17 19:53:52,175 - main_server - INFO - Node: 2 Sending accept to childId: 4
2018-04-17 19:53:52,175 - client - INFO - Node: 4 - Successfully sent the size message of size 69 to parentId: 2
2018-04-17 19:53:52,176 - client - INFO - Node: 2 - Responded to Size RPC with reply: Accepted
2018-04-17 19:53:52,176 - client - INFO - Node: 4 - Didn't get Prune 
2018-04-17 19:53:52,176 - main_server - INFO - Node 9 - Starting GRPC Server
2018-04-17 19:53:52,177 - main_server - INFO - Node: 9 - GRPC Server started successfully. Entering forever listening mode...

2018-04-17 19:53:54,163 - Node - INFO - #######################
2018-04-17 19:53:54,163 - Node - INFO - Node: 10 - Initializing
2018-04-17 19:53:54,163 - Node - INFO - #######################
2018-04-17 19:53:54,164 - Node - INFO - Node: 10 - Calling phaseOneClustering
2018-04-17 19:53:54,164 - Node - INFO - Node: %s - Starting Phase One Clustering10
2018-04-17 19:53:54,164 - Node - INFO - Node: 10 - Calling phaseOneClusterStart with parentId: 8
2018-04-17 19:53:54,165 - client - INFO - Node: 10 - Starting sendSize
2018-04-17 19:53:54,167 - main_server - INFO - Node: 8 - Current size: 66
2018-04-17 19:53:54,168 - main_server - INFO - Node:8 - Child Node: 10 has size 22
2018-04-17 19:53:54,168 - main_server - INFO - Node: 8 - Sending Accept to childId: 10 after checking if all children responded or not
2018-04-17 19:53:54,168 - main_server - INFO - Node 8: - New size: 88
2018-04-17 19:53:54,168 - main_server - INFO - Node: 8 - All children responded. Sending size to parent
2018-04-17 19:53:54,169 - main_server - INFO - Node: 8 Sending accept to childId: 10
2018-04-17 19:53:54,170 - client - INFO - Node: 8 - Starting sendSize
2018-04-17 19:53:54,170 - client - INFO - Node: 10 - Successfully sent the size message of size 22 to parentId: 8
2018-04-17 19:53:54,171 - client - INFO - Node: 8 - Responded to Size RPC with reply: Accepted
2018-04-17 19:53:54,171 - client - INFO - Node: 10 - Didn't get Prune 
2018-04-17 19:53:54,171 - Node - INFO - Node: 10 - Sent size() message to parent: 8
2018-04-17 19:53:54,171 - Node - INFO - Node: 10 - Starting Server
2018-04-17 19:53:54,171 - main_server - INFO - Node: 10 - Creating GRPC Server 
2018-04-17 19:53:54,172 - main_server - INFO - Node 10 - Created GRPC Server
2018-04-17 19:53:54,173 - main_server - INFO - Node: 7 - Current size: 87
2018-04-17 19:53:54,173 - main_server - INFO - Node: 10 - Inside Mainserver __init__
2018-04-17 19:53:54,173 - main_server - INFO - Node:7 - Child Node: 8 has size 88
2018-04-17 19:53:54,173 - main_server - INFO - Node: 7 - Removed child 8 from childList
2018-04-17 19:53:54,173 - main_server - INFO - Node: 7 - Sending Prune after checking if all children responded or not
2018-04-17 19:53:54,174 - main_server - INFO - Node: 7 - All children responded. Sending size to parent
2018-04-17 19:53:54,174 - main_server - INFO - Node: 7 - Sending Prune to childId: 8
2018-04-17 19:53:54,174 - client - INFO - Node: 7 - Starting sendSize
2018-04-17 19:53:54,175 - client - INFO - Node: 8 - Successfully sent the size message of size 88 to parentId: 7
2018-04-17 19:53:54,175 - client - INFO - Node: 7 - Responded to Size RPC with reply: Prune
2018-04-17 19:53:54,176 - main_server - INFO - Node 10 - Starting GRPC Server
2018-04-17 19:53:54,176 - client - INFO - Node: 8 - Got Prune
2018-04-17 19:53:54,177 - main_server - INFO - Node: 10 - GRPC Server started successfully. Entering forever listening mode...

2018-04-17 19:53:54,177 - client - INFO - Node: 8 - Sending cluster message to child id: 10
2018-04-17 19:53:54,178 - main_server - INFO - Node: 2 - Current size: 106
2018-04-17 19:53:54,178 - main_server - INFO - Node:2 - Child Node: 7 has size 87
2018-04-17 19:53:54,178 - main_server - INFO - Node: 2 - Removed child 7 from childList
2018-04-17 19:53:54,178 - main_server - INFO - Node: 2 - Sending Prune after checking if all children responded or not
2018-04-17 19:53:54,178 - main_server - INFO - Node: 2 - All children responded. Sending size to parent
2018-04-17 19:53:54,179 - main_server - INFO - Node: 2 - Sending Prune to childId: 7
2018-04-17 19:53:54,179 - client - INFO - Node: 2 - Starting sendSize
2018-04-17 19:53:54,181 - client - INFO - Node: 7 - Successfully sent the size message of size 87 to parentId: 2
2018-04-17 19:53:54,181 - client - INFO - Node: 2 - Responded to Size RPC with reply: Prune
2018-04-17 19:53:54,181 - client - INFO - Node: 7 - Got Prune
2018-04-17 19:53:54,181 - client - INFO - Node: 7 - Sending cluster message to child id: 6
2018-04-17 19:53:54,183 - main_server - INFO - Node: 10 - Now joining Clusterleader Node: 8
2018-04-17 19:53:54,184 - main_server - INFO - Node: 10 - current hop count: 1
2018-04-17 19:53:54,184 - main_server - INFO - Node: 0 - Current size: 34
2018-04-17 19:53:54,184 - main_server - INFO - Node: 10 - NO children found!
2018-04-17 19:53:54,185 - main_server - INFO - Node:0 - Child Node: 2 has size 106
2018-04-17 19:53:54,185 - main_server - INFO - Node: 0 - Sending Accept to childId: 2 after checking if all children responded or not
2018-04-17 19:53:54,186 - main_server - INFO - Node 0: - New size: 140
2018-04-17 19:53:54,186 - client - INFO - Node: 8 - Got Response: joinClusterResponse: "Joined"
 after sending cluster message to child id: 10
2018-04-17 19:53:54,186 - main_server - INFO - Node: 0 Sending accept to childId: 2
2018-04-17 19:53:54,187 - client - INFO - Node: 2 - Successfully sent the size message of size 106 to parentId: 0
2018-04-17 19:53:54,187 - main_server - INFO - Node: 6 - Now joining Clusterleader Node: 7
2018-04-17 19:53:54,188 - client - INFO - Node: 0 - Responded to Size RPC with reply: Accepted
2018-04-17 19:53:54,188 - main_server - INFO - Node: 6 - current hop count: 1
2018-04-17 19:53:54,188 - client - INFO - Node: 2 - Didn't get Prune 
2018-04-17 19:53:54,188 - main_server - INFO - Node: 6 - NO children found!
2018-04-17 19:53:54,189 - client - INFO - Node: 7 - Got Response: joinClusterResponse: "Joined"
 after sending cluster message to child id: 6
2018-04-17 19:53:56,169 - Node - INFO - #######################
2018-04-17 19:53:56,169 - Node - INFO - Node: 11 - Initializing
2018-04-17 19:53:56,169 - Node - INFO - #######################
2018-04-17 19:53:56,169 - Node - INFO - Node: 11 - Calling phaseOneClustering
2018-04-17 19:53:56,170 - Node - INFO - Node: %s - Starting Phase One Clustering11
2018-04-17 19:53:56,170 - Node - INFO - Node: 11 - Calling phaseOneClusterStart with parentId: 5
2018-04-17 19:53:56,171 - client - INFO - Node: 11 - Starting sendSize
2018-04-17 19:53:56,174 - main_server - INFO - Node: 5 - Current size: 26
2018-04-17 19:53:56,174 - main_server - INFO - Node:5 - Child Node: 11 has size 32
2018-04-17 19:53:56,174 - main_server - INFO - Node: 5 - Sending Accept to childId: 11 after checking if all children responded or not
2018-04-17 19:53:56,174 - main_server - INFO - Node 5: - New size: 58
2018-04-17 19:53:56,175 - main_server - INFO - Node: 5 - All children responded. Sending size to parent
2018-04-17 19:53:56,175 - main_server - INFO - Node: 5 Sending accept to childId: 11
2018-04-17 19:53:56,176 - client - INFO - Node: 5 - Starting sendSize
2018-04-17 19:53:56,177 - client - INFO - Node: 11 - Successfully sent the size message of size 32 to parentId: 5
2018-04-17 19:53:56,177 - client - INFO - Node: 5 - Responded to Size RPC with reply: Accepted
2018-04-17 19:53:56,177 - client - INFO - Node: 11 - Didn't get Prune 
2018-04-17 19:53:56,178 - Node - INFO - Node: 11 - Sent size() message to parent: 5
2018-04-17 19:53:56,179 - Node - INFO - Node: 11 - Starting Server
2018-04-17 19:53:56,180 - main_server - INFO - Node: 11 - Creating GRPC Server 
2018-04-17 19:53:56,180 - main_server - INFO - Node: 1 - Current size: 89
2018-04-17 19:53:56,180 - main_server - INFO - Node 11 - Created GRPC Server
2018-04-17 19:53:56,180 - main_server - INFO - Node:1 - Child Node: 5 has size 58
2018-04-17 19:53:56,181 - main_server - INFO - Node: 11 - Inside Mainserver __init__
2018-04-17 19:53:56,181 - main_server - INFO - Node: 1 - Sending Accept to childId: 5 after checking if all children responded or not
2018-04-17 19:53:56,181 - main_server - INFO - Node 1: - New size: 147
2018-04-17 19:53:56,181 - main_server - INFO - Node: 1 - All children responded. Sending size to parent
2018-04-17 19:53:56,182 - main_server - INFO - Node: 1 Sending accept to childId: 5
2018-04-17 19:53:56,182 - client - INFO - Node: 1 - Starting sendSize
2018-04-17 19:53:56,183 - client - INFO - Node: 5 - Successfully sent the size message of size 58 to parentId: 1
2018-04-17 19:53:56,183 - client - INFO - Node: 1 - Responded to Size RPC with reply: Accepted
2018-04-17 19:53:56,183 - client - INFO - Node: 5 - Didn't get Prune 
2018-04-17 19:53:56,184 - main_server - INFO - Node 11 - Starting GRPC Server
2018-04-17 19:53:56,184 - main_server - INFO - Node: 11 - GRPC Server started successfully. Entering forever listening mode...

2018-04-17 19:53:56,185 - main_server - INFO - Node: 0 - Current size: 140
2018-04-17 19:53:56,185 - main_server - INFO - Node:0 - Child Node: 1 has size 147
2018-04-17 19:53:56,185 - main_server - INFO - Node: 0 - Removed child 1 from childList
2018-04-17 19:53:56,186 - main_server - INFO - Node: 0 - Sending Prune after checking if all children responded or not
2018-04-17 19:53:56,186 - main_server - INFO - Node: 0 - All children responded. Sending size to parent
2018-04-17 19:53:56,186 - Node - INFO - Node: 0 - Setting myself as clusterhead as no parent found!
2018-04-17 19:53:56,186 - main_server - INFO - Node: 0 - Sending Prune to childId: 1
2018-04-17 19:53:56,187 - client - INFO - Node: 1 - Successfully sent the size message of size 147 to parentId: 0
2018-04-17 19:53:56,187 - client - INFO - Node: 0 - Sending cluster message to child id: 2
2018-04-17 19:53:56,187 - client - INFO - Node: 0 - Responded to Size RPC with reply: Prune
2018-04-17 19:53:56,188 - client - INFO - Node: 1 - Got Prune
2018-04-17 19:53:56,188 - client - INFO - Node: 1 - Sending cluster message to child id: 3
2018-04-17 19:53:56,190 - main_server - INFO - Node: 2 - Now joining Clusterleader Node: 0
2018-04-17 19:53:56,190 - main_server - INFO - Node: 2 - current hop count: 1
2018-04-17 19:53:56,191 - main_server - INFO - Node:2 - Children Found! Starting ClusterheadId Propagation
2018-04-17 19:53:56,191 - main_server - INFO - Node: 3 - Now joining Clusterleader Node: 1
2018-04-17 19:53:56,193 - client - INFO - Node: 2 - Sending propagate cluster message to child id: 4
2018-04-17 19:53:56,193 - main_server - INFO - Node: 3 - current hop count: 1
2018-04-17 19:53:56,194 - client - INFO - Node: 0 - Got Response: joinClusterResponse: "Joined"
 after sending cluster message to child id: 2
2018-04-17 19:53:56,194 - main_server - INFO - Node: 3 - NO children found!
2018-04-17 19:53:56,196 - client - INFO - Node: 1 - Got Response: joinClusterResponse: "Joined"
 after sending cluster message to child id: 3
2018-04-17 19:53:56,196 - main_server - INFO - Node: 4 - Now joining Clusterleader Node: 0
2018-04-17 19:53:56,196 - main_server - INFO - Node: 4 - current hop count: 2
2018-04-17 19:53:56,197 - client - INFO - Node: 1 - Sending cluster message to child id: 5
2018-04-17 19:53:56,197 - main_server - INFO - Node:4 - Children Found! Starting ClusterheadId Propagation
2018-04-17 19:53:56,199 - client - INFO - Node: 4 - Sending propagate cluster message to child id: 9
2018-04-17 19:53:56,199 - client - INFO - Node: 2 - Got Response: joinClusterResponse: "Joined"
 after sending cluster message to child id: 4
2018-04-17 19:53:56,200 - main_server - INFO - Node: 5 - Now joining Clusterleader Node: 1
2018-04-17 19:53:56,201 - main_server - INFO - Node: 5 - current hop count: 1
2018-04-17 19:53:56,202 - main_server - INFO - Node:5 - Children Found! Starting ClusterheadId Propagation
2018-04-17 19:53:56,202 - main_server - INFO - Node: 9 - Now joining Clusterleader Node: 0
2018-04-17 19:53:56,204 - client - INFO - Node: 5 - Sending propagate cluster message to child id: 11
2018-04-17 19:53:56,204 - main_server - INFO - Node: 9 - current hop count: 3
2018-04-17 19:53:56,205 - client - INFO - Node: 1 - Got Response: joinClusterResponse: "Joined"
 after sending cluster message to child id: 5
2018-04-17 19:53:56,206 - main_server - INFO - Node: 9 - NO children found!
2018-04-17 19:53:56,206 - client - INFO - Node: 4 - Got Response: joinClusterResponse: "Joined"
 after sending cluster message to child id: 9
2018-04-17 19:53:56,208 - main_server - INFO - Node: 11 - Now joining Clusterleader Node: 1
2018-04-17 19:53:56,208 - main_server - INFO - Node: 11 - current hop count: 2
2018-04-17 19:53:56,208 - main_server - INFO - Node: 11 - NO children found!
2018-04-17 19:53:56,209 - client - INFO - Node: 5 - Got Response: joinClusterResponse: "Joined"
 after sending cluster message to child id: 11
