2018-04-08 19:16:19,233 - Node - INFO - Initializing Node: 0
2018-04-08 19:16:19,234 - Node - INFO - Calling weightMatrix for id: 0
2018-04-08 19:16:19,234 - Node - INFO - Calling phaseOneClustering
2018-04-08 19:16:19,234 - Node - INFO - Starting Phase One Clustering on Node: 0
2018-04-08 19:16:19,234 - Node - INFO - I am a parent not leaf: Node: 0
2018-04-08 19:16:19,234 - Node - INFO - Starting Server on Node: 0
2018-04-08 19:16:19,234 - main_server - INFO - Server starting for Node: 0
2018-04-08 19:16:19,237 - main_server - INFO - Server Created
2018-04-08 19:16:19,237 - main_server - INFO - Inside Mainserver __init__:
2018-04-08 19:16:19,237 - main_server - INFO - Node created inside __init__ Mainserver...
2018-04-08 19:16:19,238 - main_server - INFO - Main Server init called successfully
2018-04-08 19:16:19,241 - main_server - INFO - Run port assigned
2018-04-08 19:16:19,242 - main_server - INFO - Server started successfully. Entering forever while below
2018-04-08 19:16:19,242 - main_server - INFO - Inside forever while....
2018-04-08 19:16:21,237 - Node - INFO - Initializing Node: 1
2018-04-08 19:16:21,238 - Node - INFO - Calling weightMatrix for id: 1
2018-04-08 19:16:21,238 - Node - INFO - Calling phaseOneClustering
2018-04-08 19:16:21,238 - Node - INFO - Starting Phase One Clustering on Node: 1
2018-04-08 19:16:21,238 - Node - INFO - I am a parent not leaf: Node: 1
2018-04-08 19:16:21,238 - Node - INFO - Starting Server on Node: 1
2018-04-08 19:16:21,239 - main_server - INFO - Server starting for Node: 1
2018-04-08 19:16:21,239 - main_server - INFO - Server Created
2018-04-08 19:16:21,239 - main_server - INFO - Inside Mainserver __init__:
2018-04-08 19:16:21,239 - main_server - INFO - Node created inside __init__ Mainserver...
2018-04-08 19:16:21,240 - main_server - INFO - Main Server init called successfully
2018-04-08 19:16:21,241 - main_server - INFO - Run port assigned
2018-04-08 19:16:21,243 - main_server - INFO - Server started successfully. Entering forever while below
2018-04-08 19:16:21,243 - main_server - INFO - Inside forever while....
2018-04-08 19:16:23,242 - Node - INFO - Initializing Node: 2
2018-04-08 19:16:23,242 - Node - INFO - Calling weightMatrix for id: 2
2018-04-08 19:16:23,242 - Node - INFO - Calling phaseOneClustering
2018-04-08 19:16:23,243 - Node - INFO - Starting Phase One Clustering on Node: 2
2018-04-08 19:16:23,243 - Node - INFO - I am a parent not leaf: Node: 2
2018-04-08 19:16:23,243 - Node - INFO - Starting Server on Node: 2
2018-04-08 19:16:23,243 - main_server - INFO - Server starting for Node: 2
2018-04-08 19:16:23,243 - main_server - INFO - Server Created
2018-04-08 19:16:23,244 - main_server - INFO - Inside Mainserver __init__:
2018-04-08 19:16:23,244 - main_server - INFO - Node created inside __init__ Mainserver...
2018-04-08 19:16:23,244 - main_server - INFO - Main Server init called successfully
2018-04-08 19:16:23,245 - main_server - INFO - Run port assigned
2018-04-08 19:16:23,248 - main_server - INFO - Server started successfully. Entering forever while below
2018-04-08 19:16:23,248 - main_server - INFO - Inside forever while....
2018-04-08 19:16:25,248 - Node - INFO - Initializing Node: 3
2018-04-08 19:16:25,248 - Node - INFO - Calling weightMatrix for id: 3
2018-04-08 19:16:25,248 - Node - INFO - Calling phaseOneClustering
2018-04-08 19:16:25,248 - Node - INFO - Starting Phase One Clustering on Node: 3
2018-04-08 19:16:25,249 - Node - INFO - Calling phaseOneClusterStart on client.py from Node.py with parentId: 1
2018-04-08 19:16:25,251 - client - INFO - sendSize starting on client.py for node: 3
2018-04-08 19:16:25,254 - main_server - INFO - Server Node:1 current size is 47
2018-04-08 19:16:25,254 - main_server - INFO - Server Node:1 Child size is 42
2018-04-08 19:16:25,254 - main_server - INFO - Sending Accept after checking if all children responded or not
2018-04-08 19:16:25,254 - main_server - INFO - Node 1: new size is 89
2018-04-08 19:16:25,255 - main_server - INFO - Node: 1 Sending accept to child
2018-04-08 19:16:25,255 - client - INFO - Node 3 sent the size message of size 42 to 1
2018-04-08 19:16:25,255 - client - INFO - Node 1: responded to Size RPC with reply: Accepted
2018-04-08 19:16:25,255 - client - INFO - Didn't get Prune Node: 3
2018-04-08 19:16:25,256 - Node - INFO - Node: 3 sent size() message to parent: 1
2018-04-08 19:16:25,256 - Node - INFO - Starting Server on Node: 3
2018-04-08 19:16:25,256 - main_server - INFO - Server starting for Node: 3
2018-04-08 19:16:25,256 - main_server - INFO - Server Created
2018-04-08 19:16:25,256 - main_server - INFO - Inside Mainserver __init__:
2018-04-08 19:16:25,256 - main_server - INFO - Node created inside __init__ Mainserver...
2018-04-08 19:16:25,257 - main_server - INFO - Main Server init called successfully
2018-04-08 19:16:25,257 - main_server - INFO - Run port assigned
2018-04-08 19:16:25,259 - main_server - INFO - Server started successfully. Entering forever while below
2018-04-08 19:16:25,259 - main_server - INFO - Inside forever while....
2018-04-08 19:16:27,248 - Node - INFO - Initializing Node: 4
2018-04-08 19:16:27,249 - Node - INFO - Calling weightMatrix for id: 4
2018-04-08 19:16:27,249 - Node - INFO - Calling phaseOneClustering
2018-04-08 19:16:27,249 - Node - INFO - Starting Phase One Clustering on Node: 4
2018-04-08 19:16:27,249 - Node - INFO - Calling phaseOneClusterStart on client.py from Node.py with parentId: 2
2018-04-08 19:16:27,250 - client - INFO - sendSize starting on client.py for node: 4
2018-04-08 19:16:27,253 - main_server - INFO - Server Node:2 current size is 37
2018-04-08 19:16:27,253 - main_server - INFO - Server Node:2 Child size is 42
2018-04-08 19:16:27,254 - main_server - INFO - Sending Accept after checking if all children responded or not
2018-04-08 19:16:27,254 - main_server - INFO - Node 2: new size is 79
2018-04-08 19:16:27,254 - main_server - INFO - Node: 2 Sending accept to child
2018-04-08 19:16:27,254 - client - INFO - Node 4 sent the size message of size 42 to 2
2018-04-08 19:16:27,255 - client - INFO - Node 2: responded to Size RPC with reply: Accepted
2018-04-08 19:16:27,255 - client - INFO - Didn't get Prune Node: 4
2018-04-08 19:16:27,255 - Node - INFO - Node: 4 sent size() message to parent: 2
2018-04-08 19:16:27,255 - Node - INFO - Starting Server on Node: 4
2018-04-08 19:16:27,255 - main_server - INFO - Server starting for Node: 4
2018-04-08 19:16:27,255 - main_server - INFO - Server Created
2018-04-08 19:16:27,255 - main_server - INFO - Inside Mainserver __init__:
2018-04-08 19:16:27,256 - main_server - INFO - Node created inside __init__ Mainserver...
2018-04-08 19:16:27,256 - main_server - INFO - Main Server init called successfully
2018-04-08 19:16:27,257 - main_server - INFO - Run port assigned
2018-04-08 19:16:27,258 - main_server - INFO - Server started successfully. Entering forever while below
2018-04-08 19:16:27,258 - main_server - INFO - Inside forever while....
2018-04-08 19:16:29,250 - Node - INFO - Initializing Node: 5
2018-04-08 19:16:29,251 - Node - INFO - Calling weightMatrix for id: 5
2018-04-08 19:16:29,251 - Node - INFO - Calling phaseOneClustering
2018-04-08 19:16:29,251 - Node - INFO - Starting Phase One Clustering on Node: 5
2018-04-08 19:16:29,251 - Node - INFO - Calling phaseOneClusterStart on client.py from Node.py with parentId: 1
2018-04-08 19:16:29,252 - client - INFO - sendSize starting on client.py for node: 5
2018-04-08 19:16:29,255 - main_server - INFO - Server Node:1 current size is 89
2018-04-08 19:16:29,256 - main_server - INFO - Server Node:1 Child size is 26
2018-04-08 19:16:29,256 - main_server - INFO - Sending Accept after checking if all children responded or not
2018-04-08 19:16:29,256 - main_server - INFO - Node 1: new size is 115
2018-04-08 19:16:29,256 - main_server - INFO - All children responded. Sending size to parent
2018-04-08 19:16:29,256 - main_server - INFO - Node: 1 Sending accept to child
2018-04-08 19:16:29,257 - client - INFO - sendSize starting on client.py for node: 1
2018-04-08 19:16:29,258 - client - INFO - Node 5 sent the size message of size 26 to 1
2018-04-08 19:16:29,259 - client - INFO - Node 1: responded to Size RPC with reply: Accepted
2018-04-08 19:16:29,259 - client - INFO - Didn't get Prune Node: 5
2018-04-08 19:16:29,260 - Node - INFO - Node: 5 sent size() message to parent: 1
2018-04-08 19:16:29,260 - Node - INFO - Starting Server on Node: 5
2018-04-08 19:16:29,261 - main_server - INFO - Server starting for Node: 5
2018-04-08 19:16:29,261 - main_server - INFO - Server Created
2018-04-08 19:16:29,262 - main_server - INFO - Server Node:0 current size is 34
2018-04-08 19:16:29,262 - main_server - INFO - Inside Mainserver __init__:
2018-04-08 19:16:29,262 - main_server - INFO - Server Node:0 Child size is 115
2018-04-08 19:16:29,262 - main_server - INFO - Node created inside __init__ Mainserver...
2018-04-08 19:16:29,262 - main_server - INFO - Node id: 0 Sending Prune after checking if all children responded or not
2018-04-08 19:16:29,263 - main_server - INFO - Main Server init called successfully
2018-04-08 19:16:29,263 - main_server - INFO - Node id: 0 removed child 1 from childList
2018-04-08 19:16:29,263 - main_server - INFO - Node: 0 Sending Prune
2018-04-08 19:16:29,264 - client - INFO - Node 1 sent the size message of size 115 to 0
2018-04-08 19:16:29,264 - main_server - INFO - Run port assigned
2018-04-08 19:16:29,264 - client - INFO - Node 0: responded to Size RPC with reply: Prune
2018-04-08 19:16:29,264 - client - INFO - Got Prune 1
2018-04-08 19:16:29,265 - client - INFO - Node 1: sending cluster message to child id: 3
2018-04-08 19:16:29,265 - client - INFO - Child IP: localhost:50053
2018-04-08 19:16:29,266 - main_server - INFO - Server started successfully. Entering forever while below
2018-04-08 19:16:29,266 - main_server - INFO - Inside forever while....
2018-04-08 19:16:29,267 - main_server - DEBUG - Got Cluster message as server Node:3
2018-04-08 19:16:29,267 - main_server - INFO - Server Node: 3 is now joining Clusterleader C1
2018-04-08 19:16:29,267 - main_server - INFO - Server Node: has NO children.
2018-04-08 19:16:29,268 - client - INFO - Node 1: sent cluster message to child id: 3
2018-04-08 19:16:29,268 - client - INFO - Node 1: got the reply: Joinedfrom child id: 3
2018-04-08 19:16:29,268 - client - INFO - Node 1: sending cluster message to child id: 5
2018-04-08 19:16:29,269 - client - INFO - Child IP: localhost:50055
2018-04-08 19:16:29,270 - main_server - DEBUG - Got Cluster message as server Node:5
2018-04-08 19:16:29,270 - main_server - INFO - Server Node: 5 is now joining Clusterleader C1
2018-04-08 19:16:29,270 - main_server - INFO - Server Node: has NO children.
2018-04-08 19:16:29,271 - client - INFO - Node 1: sent cluster message to child id: 5
2018-04-08 19:16:29,271 - client - INFO - Node 1: got the reply: Joinedfrom child id: 5
2018-04-08 19:16:31,252 - Node - INFO - Initializing Node: 7
2018-04-08 19:16:31,252 - Node - INFO - Calling weightMatrix for id: 7
2018-04-08 19:16:31,253 - Node - INFO - Calling phaseOneClustering
2018-04-08 19:16:31,253 - Node - INFO - Starting Phase One Clustering on Node: 7
2018-04-08 19:16:31,253 - Node - INFO - I am a parent not leaf: Node: 7
2018-04-08 19:16:31,253 - Node - INFO - Starting Server on Node: 7
2018-04-08 19:16:31,253 - main_server - INFO - Server starting for Node: 7
2018-04-08 19:16:31,254 - main_server - INFO - Server Created
2018-04-08 19:16:31,254 - main_server - INFO - Inside Mainserver __init__:
2018-04-08 19:16:31,254 - main_server - INFO - Node created inside __init__ Mainserver...
2018-04-08 19:16:31,254 - main_server - INFO - Main Server init called successfully
2018-04-08 19:16:31,256 - main_server - INFO - Run port assigned
2018-04-08 19:16:31,258 - main_server - INFO - Server started successfully. Entering forever while below
2018-04-08 19:16:31,258 - main_server - INFO - Inside forever while....
2018-04-08 19:16:33,253 - Node - INFO - Initializing Node: 6
2018-04-08 19:16:33,253 - Node - INFO - Calling weightMatrix for id: 6
2018-04-08 19:16:33,253 - Node - INFO - Calling phaseOneClustering
2018-04-08 19:16:33,253 - Node - INFO - Starting Phase One Clustering on Node: 6
2018-04-08 19:16:33,254 - Node - INFO - Calling phaseOneClusterStart on client.py from Node.py with parentId: 7
2018-04-08 19:16:33,254 - client - INFO - sendSize starting on client.py for node: 6
2018-04-08 19:16:33,258 - main_server - INFO - Server Node:7 current size is 65
2018-04-08 19:16:33,258 - main_server - INFO - Server Node:7 Child size is 44
2018-04-08 19:16:33,258 - main_server - INFO - Sending Accept after checking if all children responded or not
2018-04-08 19:16:33,258 - main_server - INFO - Node 7: new size is 109
2018-04-08 19:16:33,258 - main_server - INFO - Node: 7 Sending accept to child
2018-04-08 19:16:33,259 - client - INFO - Node 6 sent the size message of size 44 to 7
2018-04-08 19:16:33,259 - client - INFO - Node 7: responded to Size RPC with reply: Accepted
2018-04-08 19:16:33,259 - client - INFO - Didn't get Prune Node: 6
2018-04-08 19:16:33,259 - Node - INFO - Node: 6 sent size() message to parent: 7
2018-04-08 19:16:33,260 - Node - INFO - Starting Server on Node: 6
2018-04-08 19:16:33,260 - main_server - INFO - Server starting for Node: 6
2018-04-08 19:16:33,260 - main_server - INFO - Server Created
2018-04-08 19:16:33,260 - main_server - INFO - Inside Mainserver __init__:
2018-04-08 19:16:33,260 - main_server - INFO - Node created inside __init__ Mainserver...
2018-04-08 19:16:33,261 - main_server - INFO - Main Server init called successfully
2018-04-08 19:16:33,261 - main_server - INFO - Run port assigned
2018-04-08 19:16:33,263 - main_server - INFO - Server started successfully. Entering forever while below
2018-04-08 19:16:33,263 - main_server - INFO - Inside forever while....
2018-04-08 19:16:35,253 - Node - INFO - Initializing Node: 8
2018-04-08 19:16:35,254 - Node - INFO - Calling weightMatrix for id: 8
2018-04-08 19:16:35,254 - Node - INFO - Calling phaseOneClustering
2018-04-08 19:16:35,254 - Node - INFO - Starting Phase One Clustering on Node: 8
2018-04-08 19:16:35,254 - Node - INFO - Calling phaseOneClusterStart on client.py from Node.py with parentId: 7
2018-04-08 19:16:35,255 - client - INFO - sendSize starting on client.py for node: 8
2018-04-08 19:16:35,258 - main_server - INFO - Server Node:7 current size is 109
2018-04-08 19:16:35,259 - main_server - INFO - Server Node:7 Child size is 69
2018-04-08 19:16:35,259 - main_server - INFO - Node id: 7 Sending Prune after checking if all children responded or not
2018-04-08 19:16:35,259 - main_server - INFO - Node id: 7 All children responded. Sending size to parent
2018-04-08 19:16:35,259 - main_server - INFO - Node id: 7 removed child 8 from childList
2018-04-08 19:16:35,260 - main_server - INFO - Node: 7 Sending Prune
2018-04-08 19:16:35,260 - client - INFO - sendSize starting on client.py for node: 7
2018-04-08 19:16:35,261 - client - INFO - Node 8 sent the size message of size 69 to 7
2018-04-08 19:16:35,261 - client - INFO - Node 7: responded to Size RPC with reply: Prune
2018-04-08 19:16:35,261 - client - INFO - Got Prune 8
2018-04-08 19:16:35,262 - Node - INFO - Node: 8 sent size() message to parent: None
2018-04-08 19:16:35,262 - Node - INFO - Starting Server on Node: 8
2018-04-08 19:16:35,262 - main_server - INFO - Server starting for Node: 8
2018-04-08 19:16:35,262 - main_server - INFO - Server Created
2018-04-08 19:16:35,263 - main_server - INFO - Inside Mainserver __init__:
2018-04-08 19:16:35,264 - main_server - INFO - Server Node:2 current size is 79
2018-04-08 19:16:35,264 - main_server - INFO - Node created inside __init__ Mainserver...
2018-04-08 19:16:35,264 - main_server - INFO - Server Node:2 Child size is 109
2018-04-08 19:16:35,264 - main_server - INFO - Main Server init called successfully
2018-04-08 19:16:35,264 - main_server - INFO - Node id: 2 Sending Prune after checking if all children responded or not
2018-04-08 19:16:35,264 - main_server - INFO - Node id: 2 All children responded. Sending size to parent
2018-04-08 19:16:35,265 - main_server - INFO - Node id: 2 removed child 7 from childList
2018-04-08 19:16:35,265 - main_server - INFO - Run port assigned
2018-04-08 19:16:35,265 - main_server - INFO - Node: 2 Sending Prune
2018-04-08 19:16:35,265 - client - INFO - sendSize starting on client.py for node: 2
2018-04-08 19:16:35,266 - client - INFO - Node 7 sent the size message of size 109 to 2
2018-04-08 19:16:35,267 - client - INFO - Node 2: responded to Size RPC with reply: Prune
2018-04-08 19:16:35,267 - client - INFO - Got Prune 7
2018-04-08 19:16:35,267 - main_server - INFO - Server started successfully. Entering forever while below
2018-04-08 19:16:35,268 - main_server - INFO - Inside forever while....
2018-04-08 19:16:35,269 - client - INFO - Node 7: sending cluster message to child id: 6
2018-04-08 19:16:35,269 - client - INFO - Child IP: localhost:50056
2018-04-08 19:16:35,270 - main_server - INFO - Server Node:0 current size is 34
2018-04-08 19:16:35,270 - main_server - INFO - Server Node:0 Child size is 79
2018-04-08 19:16:35,270 - main_server - INFO - Sending Accept after checking if all children responded or not
2018-04-08 19:16:35,270 - main_server - INFO - Node 0: new size is 113
2018-04-08 19:16:35,271 - main_server - INFO - All children responded. Sending size to parent
2018-04-08 19:16:35,271 - client - INFO - Node 0: sending cluster message to child id: 2
2018-04-08 19:16:35,271 - main_server - INFO - Node: 0 Sending accept to child
2018-04-08 19:16:35,272 - client - INFO - Child IP: localhost:50052
2018-04-08 19:16:35,273 - main_server - DEBUG - Got Cluster message as server Node:6
2018-04-08 19:16:35,273 - main_server - INFO - Server Node: 6 is now joining Clusterleader C7
2018-04-08 19:16:35,273 - client - INFO - Node 2 sent the size message of size 79 to 0
2018-04-08 19:16:35,274 - main_server - INFO - Server Node: has NO children.
2018-04-08 19:16:35,274 - client - INFO - Node 0: responded to Size RPC with reply: Accepted
2018-04-08 19:16:35,275 - client - INFO - Didn't get Prune Node: 2
2018-04-08 19:16:35,275 - client - INFO - Node 7: sent cluster message to child id: 6
2018-04-08 19:16:35,275 - main_server - DEBUG - Got Cluster message as server Node:2
2018-04-08 19:16:35,276 - main_server - INFO - Server Node: 2 is now joining Clusterleader C0
2018-04-08 19:16:35,276 - client - INFO - Node 7: got the reply: Joinedfrom child id: 6
2018-04-08 19:16:35,276 - main_server - INFO - Server Node:2 has children. Starting ClusterheadId Propagation
2018-04-08 19:16:35,277 - client - INFO - Node 2: is sending propagate cluster message to child id: 4
2018-04-08 19:16:35,277 - client - INFO - Node 0: sent cluster message to child id: 2
2018-04-08 19:16:35,277 - client - INFO - Node 0: got the reply: Joinedfrom child id: 2
2018-04-08 19:16:35,278 - main_server - DEBUG - Got Cluster message as server Node:4
2018-04-08 19:16:35,278 - main_server - INFO - Server Node: 4 is now joining Clusterleader C0
2018-04-08 19:16:35,278 - main_server - INFO - Server Node: has NO children.
2018-04-08 19:16:35,279 - client - INFO - Node 2: sent cluster message to child id: 4
2018-04-08 19:16:35,279 - client - INFO - Node 2: got the reply: Joinedfrom child id: 4
