2018-04-21 15:45:48,827 - __main__ - INFO - Cleaning DB if it exists
2018-04-21 15:45:48,827 - __main__ - INFO - Creating New DB
2018-04-21 15:45:48,830 - Node - INFO - #######################
2018-04-21 15:45:48,830 - Node - INFO - Node: 0 - Initializing
2018-04-21 15:45:48,830 - Node - INFO - #######################
2018-04-21 15:45:48,832 - Node - INFO - Node: 0 - Calling phaseOneClustering
2018-04-21 15:45:48,832 - Node - INFO - Node: 0 - Starting Phase One Clustering
2018-04-21 15:45:48,832 - Node - INFO - Node: 0 - I am a parent not leaf
2018-04-21 15:45:48,832 - Node - INFO - Node: 0 - Starting Server
2018-04-21 15:45:48,832 - main_server - INFO - Node: 0 - Creating GRPC Server 
2018-04-21 15:45:48,835 - main_server - INFO - Node 0 - Created GRPC Server
2018-04-21 15:45:48,835 - main_server - INFO - Node: 0 - Inside Mainserver __init__
2018-04-21 15:45:48,838 - main_server - INFO - Node 0 - Starting GRPC Server
2018-04-21 15:45:48,838 - main_server - INFO - Node: 0 - GRPC Server started successfully. Entering forever listening mode...

2018-04-21 15:45:49,834 - Node - INFO - #######################
2018-04-21 15:45:49,835 - Node - INFO - Node: 1 - Initializing
2018-04-21 15:45:49,835 - Node - INFO - #######################
2018-04-21 15:45:49,836 - Node - INFO - Node: 1 - Calling phaseOneClustering
2018-04-21 15:45:49,836 - Node - INFO - Node: 1 - Starting Phase One Clustering
2018-04-21 15:45:49,837 - Node - INFO - Node: 1 - I am a parent not leaf
2018-04-21 15:45:49,837 - Node - INFO - Node: 1 - Starting Server
2018-04-21 15:45:49,837 - main_server - INFO - Node: 1 - Creating GRPC Server 
2018-04-21 15:45:49,837 - main_server - INFO - Node 1 - Created GRPC Server
2018-04-21 15:45:49,837 - main_server - INFO - Node: 1 - Inside Mainserver __init__
2018-04-21 15:45:49,841 - main_server - INFO - Node 1 - Starting GRPC Server
2018-04-21 15:45:49,841 - main_server - INFO - Node: 1 - GRPC Server started successfully. Entering forever listening mode...

2018-04-21 15:45:50,840 - Node - INFO - #######################
2018-04-21 15:45:50,840 - Node - INFO - Node: 2 - Initializing
2018-04-21 15:45:50,840 - Node - INFO - #######################
2018-04-21 15:45:50,842 - Node - INFO - Node: 2 - Calling phaseOneClustering
2018-04-21 15:45:50,842 - Node - INFO - Node: 2 - Starting Phase One Clustering
2018-04-21 15:45:50,842 - Node - INFO - Node: 2 - I am a parent not leaf
2018-04-21 15:45:50,842 - Node - INFO - Node: 2 - Starting Server
2018-04-21 15:45:50,842 - main_server - INFO - Node: 2 - Creating GRPC Server 
2018-04-21 15:45:50,843 - main_server - INFO - Node 2 - Created GRPC Server
2018-04-21 15:45:50,843 - main_server - INFO - Node: 2 - Inside Mainserver __init__
2018-04-21 15:45:50,846 - main_server - INFO - Node 2 - Starting GRPC Server
2018-04-21 15:45:50,846 - main_server - INFO - Node: 2 - GRPC Server started successfully. Entering forever listening mode...

2018-04-21 15:45:51,840 - Node - INFO - #######################
2018-04-21 15:45:51,841 - Node - INFO - Node: 3 - Initializing
2018-04-21 15:45:51,841 - Node - INFO - #######################
2018-04-21 15:45:51,842 - Node - INFO - Node: 3 - Calling phaseOneClustering
2018-04-21 15:45:51,843 - Node - INFO - Node: 3 - Starting Phase One Clustering
2018-04-21 15:45:51,843 - Node - INFO - Node: 3 - Calling phaseOneClusterStart with parentId: 1
2018-04-21 15:45:51,845 - client - INFO - Node: 3 - Starting sendSize
2018-04-21 15:45:51,848 - main_server - INFO - Node: 1 - Current size: 47
2018-04-21 15:45:51,848 - main_server - INFO - Node:1 - Child Node: 3 has size 42
2018-04-21 15:45:51,849 - main_server - INFO - Node: 1 - Sending Accept to childId: 3 after checking if all children responded or not
2018-04-21 15:45:51,850 - main_server - INFO - Node 1: - New size: 89
2018-04-21 15:45:51,850 - main_server - INFO - Node: 1 Sending accept to childId: 3
2018-04-21 15:45:51,851 - client - INFO - Node: 3 - Successfully sent the size message of size 42 to parentId: 1
2018-04-21 15:45:51,851 - client - INFO - Node: 1 - Responded to Size RPC with reply: Accepted
2018-04-21 15:45:51,851 - client - INFO - Node: 3 - Didn't get Prune 
2018-04-21 15:45:51,851 - Node - INFO - Node: 3 - Sent size() message to parent: 1
2018-04-21 15:45:51,852 - Node - INFO - Node: 3 - Starting Server
2018-04-21 15:45:51,852 - main_server - INFO - Node: 3 - Creating GRPC Server 
2018-04-21 15:45:51,852 - main_server - INFO - Node 3 - Created GRPC Server
2018-04-21 15:45:51,852 - main_server - INFO - Node: 3 - Inside Mainserver __init__
2018-04-21 15:45:51,854 - main_server - INFO - Node 3 - Starting GRPC Server
2018-04-21 15:45:51,854 - main_server - INFO - Node: 3 - GRPC Server started successfully. Entering forever listening mode...

2018-04-21 15:45:52,844 - Node - INFO - #######################
2018-04-21 15:45:52,845 - Node - INFO - Node: 4 - Initializing
2018-04-21 15:45:52,845 - Node - INFO - #######################
2018-04-21 15:45:52,846 - Node - INFO - Node: 4 - Calling phaseOneClustering
2018-04-21 15:45:52,847 - Node - INFO - Node: 4 - Starting Phase One Clustering
2018-04-21 15:45:52,847 - Node - INFO - Node: 4 - I am a parent not leaf
2018-04-21 15:45:52,847 - Node - INFO - Node: 4 - Starting Server
2018-04-21 15:45:52,847 - main_server - INFO - Node: 4 - Creating GRPC Server 
2018-04-21 15:45:52,847 - main_server - INFO - Node 4 - Created GRPC Server
2018-04-21 15:45:52,848 - main_server - INFO - Node: 4 - Inside Mainserver __init__
2018-04-21 15:45:52,851 - main_server - INFO - Node 4 - Starting GRPC Server
2018-04-21 15:45:52,851 - main_server - INFO - Node: 4 - GRPC Server started successfully. Entering forever listening mode...

2018-04-21 15:45:53,846 - Node - INFO - #######################
2018-04-21 15:45:53,846 - Node - INFO - Node: 5 - Initializing
2018-04-21 15:45:53,846 - Node - INFO - #######################
2018-04-21 15:45:53,848 - Node - INFO - Node: 5 - Calling phaseOneClustering
2018-04-21 15:45:53,848 - Node - INFO - Node: 5 - Starting Phase One Clustering
2018-04-21 15:45:53,848 - Node - INFO - Node: 5 - I am a parent not leaf
2018-04-21 15:45:53,848 - Node - INFO - Node: 5 - Starting Server
2018-04-21 15:45:53,849 - main_server - INFO - Node: 5 - Creating GRPC Server 
2018-04-21 15:45:53,849 - main_server - INFO - Node 5 - Created GRPC Server
2018-04-21 15:45:53,849 - main_server - INFO - Node: 5 - Inside Mainserver __init__
2018-04-21 15:45:53,852 - main_server - INFO - Node 5 - Starting GRPC Server
2018-04-21 15:45:53,853 - main_server - INFO - Node: 5 - GRPC Server started successfully. Entering forever listening mode...

2018-04-21 15:45:54,847 - Node - INFO - #######################
2018-04-21 15:45:54,848 - Node - INFO - Node: 6 - Initializing
2018-04-21 15:45:54,848 - Node - INFO - #######################
2018-04-21 15:45:54,849 - Node - INFO - Node: 6 - Calling phaseOneClustering
2018-04-21 15:45:54,849 - Node - INFO - Node: 6 - Starting Phase One Clustering
2018-04-21 15:45:54,850 - Node - INFO - Node: 6 - I am a parent not leaf
2018-04-21 15:45:54,850 - Node - INFO - Node: 6 - Starting Server
2018-04-21 15:45:54,850 - main_server - INFO - Node: 6 - Creating GRPC Server 
2018-04-21 15:45:54,850 - main_server - INFO - Node 6 - Created GRPC Server
2018-04-21 15:45:54,850 - main_server - INFO - Node: 6 - Inside Mainserver __init__
2018-04-21 15:45:54,854 - main_server - INFO - Node 6 - Starting GRPC Server
2018-04-21 15:45:54,854 - main_server - INFO - Node: 6 - GRPC Server started successfully. Entering forever listening mode...

2018-04-21 15:45:55,850 - Node - INFO - #######################
2018-04-21 15:45:55,850 - Node - INFO - Node: 7 - Initializing
2018-04-21 15:45:55,850 - Node - INFO - #######################
2018-04-21 15:45:55,852 - Node - INFO - Node: 7 - Calling phaseOneClustering
2018-04-21 15:45:55,852 - Node - INFO - Node: 7 - Starting Phase One Clustering
2018-04-21 15:45:55,852 - Node - INFO - Node: 7 - Calling phaseOneClusterStart with parentId: 6
2018-04-21 15:45:55,854 - client - INFO - Node: 7 - Starting sendSize
2018-04-21 15:45:55,857 - main_server - INFO - Node: 6 - Current size: 44
2018-04-21 15:45:55,857 - main_server - INFO - Node:6 - Child Node: 7 has size 43
2018-04-21 15:45:55,857 - main_server - INFO - Node: 6 - Sending Accept to childId: 7 after checking if all children responded or not
2018-04-21 15:45:55,858 - main_server - INFO - Node 6: - New size: 87
2018-04-21 15:45:55,858 - main_server - INFO - Node: 6 Sending accept to childId: 7
2018-04-21 15:45:55,859 - client - INFO - Node: 7 - Successfully sent the size message of size 43 to parentId: 6
2018-04-21 15:45:55,859 - client - INFO - Node: 6 - Responded to Size RPC with reply: Accepted
2018-04-21 15:45:55,859 - client - INFO - Node: 7 - Didn't get Prune 
2018-04-21 15:45:55,859 - Node - INFO - Node: 7 - Sent size() message to parent: 6
2018-04-21 15:45:55,860 - Node - INFO - Node: 7 - Starting Server
2018-04-21 15:45:55,860 - main_server - INFO - Node: 7 - Creating GRPC Server 
2018-04-21 15:45:55,860 - main_server - INFO - Node 7 - Created GRPC Server
2018-04-21 15:45:55,860 - main_server - INFO - Node: 7 - Inside Mainserver __init__
2018-04-21 15:45:55,862 - main_server - INFO - Node 7 - Starting GRPC Server
2018-04-21 15:45:55,863 - main_server - INFO - Node: 7 - GRPC Server started successfully. Entering forever listening mode...

2018-04-21 15:45:56,855 - Node - INFO - #######################
2018-04-21 15:45:56,855 - Node - INFO - Node: 8 - Initializing
2018-04-21 15:45:56,855 - Node - INFO - #######################
2018-04-21 15:45:56,857 - Node - INFO - Node: 8 - Calling phaseOneClustering
2018-04-21 15:45:56,857 - Node - INFO - Node: 8 - Starting Phase One Clustering
2018-04-21 15:45:56,857 - Node - INFO - Node: 8 - I am a parent not leaf
2018-04-21 15:45:56,857 - Node - INFO - Node: 8 - Starting Server
2018-04-21 15:45:56,857 - main_server - INFO - Node: 8 - Creating GRPC Server 
2018-04-21 15:45:56,858 - main_server - INFO - Node 8 - Created GRPC Server
2018-04-21 15:45:56,858 - main_server - INFO - Node: 8 - Inside Mainserver __init__
2018-04-21 15:45:56,861 - main_server - INFO - Node 8 - Starting GRPC Server
2018-04-21 15:45:56,861 - main_server - INFO - Node: 8 - GRPC Server started successfully. Entering forever listening mode...

2018-04-21 15:45:57,859 - Node - INFO - #######################
2018-04-21 15:45:57,860 - Node - INFO - Node: 9 - Initializing
2018-04-21 15:45:57,860 - Node - INFO - #######################
2018-04-21 15:45:57,861 - Node - INFO - Node: 9 - Calling phaseOneClustering
2018-04-21 15:45:57,862 - Node - INFO - Node: 9 - Starting Phase One Clustering
2018-04-21 15:45:57,862 - Node - INFO - Node: 9 - Calling phaseOneClusterStart with parentId: 4
2018-04-21 15:45:57,863 - client - INFO - Node: 9 - Starting sendSize
2018-04-21 15:45:57,866 - main_server - INFO - Node: 4 - Current size: 42
2018-04-21 15:45:57,866 - main_server - INFO - Node:4 - Child Node: 9 has size 27
2018-04-21 15:45:57,866 - main_server - INFO - Node: 4 - Sending Accept to childId: 9 after checking if all children responded or not
2018-04-21 15:45:57,867 - main_server - INFO - Node 4: - New size: 69
2018-04-21 15:45:57,867 - main_server - INFO - Node: 4 - All children responded. Sending size to parent
2018-04-21 15:45:57,868 - main_server - INFO - Node: 4 Sending accept to childId: 9
2018-04-21 15:45:57,869 - client - INFO - Node: 4 - Starting sendSize
2018-04-21 15:45:57,869 - client - INFO - Node: 9 - Successfully sent the size message of size 27 to parentId: 4
2018-04-21 15:45:57,870 - client - INFO - Node: 4 - Responded to Size RPC with reply: Accepted
2018-04-21 15:45:57,870 - client - INFO - Node: 9 - Didn't get Prune 
2018-04-21 15:45:57,870 - Node - INFO - Node: 9 - Sent size() message to parent: 4
2018-04-21 15:45:57,870 - Node - INFO - Node: 9 - Starting Server
2018-04-21 15:45:57,870 - main_server - INFO - Node: 9 - Creating GRPC Server 
2018-04-21 15:45:57,871 - main_server - INFO - Node 9 - Created GRPC Server
2018-04-21 15:45:57,871 - main_server - INFO - Node: 9 - Inside Mainserver __init__
2018-04-21 15:45:57,872 - main_server - INFO - Node: 2 - Current size: 37
2018-04-21 15:45:57,872 - main_server - INFO - Node:2 - Child Node: 4 has size 69
2018-04-21 15:45:57,872 - main_server - INFO - Node: 2 - Sending Accept to childId: 4 after checking if all children responded or not
2018-04-21 15:45:57,873 - main_server - INFO - Node 2: - New size: 106
2018-04-21 15:45:57,873 - main_server - INFO - Node: 2 Sending accept to childId: 4
2018-04-21 15:45:57,874 - client - INFO - Node: 4 - Successfully sent the size message of size 69 to parentId: 2
2018-04-21 15:45:57,874 - client - INFO - Node: 2 - Responded to Size RPC with reply: Accepted
2018-04-21 15:45:57,874 - client - INFO - Node: 4 - Didn't get Prune 
2018-04-21 15:45:57,875 - main_server - INFO - Node 9 - Starting GRPC Server
2018-04-21 15:45:57,875 - main_server - INFO - Node: 9 - GRPC Server started successfully. Entering forever listening mode...

2018-04-21 15:45:58,865 - Node - INFO - #######################
2018-04-21 15:45:58,865 - Node - INFO - Node: 10 - Initializing
2018-04-21 15:45:58,865 - Node - INFO - #######################
2018-04-21 15:45:58,866 - Node - INFO - Node: 10 - Calling phaseOneClustering
2018-04-21 15:45:58,866 - Node - INFO - Node: 10 - Starting Phase One Clustering
2018-04-21 15:45:58,866 - Node - INFO - Node: 10 - Calling phaseOneClusterStart with parentId: 8
2018-04-21 15:45:58,867 - client - INFO - Node: 10 - Starting sendSize
2018-04-21 15:45:58,870 - main_server - INFO - Node: 8 - Current size: 66
2018-04-21 15:45:58,870 - main_server - INFO - Node:8 - Child Node: 10 has size 22
2018-04-21 15:45:58,870 - main_server - INFO - Node: 8 - Sending Accept to childId: 10 after checking if all children responded or not
2018-04-21 15:45:58,871 - main_server - INFO - Node 8: - New size: 88
2018-04-21 15:45:58,871 - main_server - INFO - Node: 8 - All children responded. Sending size to parent
2018-04-21 15:45:58,871 - main_server - INFO - Node: 8 Sending accept to childId: 10
2018-04-21 15:45:58,872 - client - INFO - Node: 8 - Starting sendSize
2018-04-21 15:45:58,872 - client - INFO - Node: 10 - Successfully sent the size message of size 22 to parentId: 8
2018-04-21 15:45:58,873 - client - INFO - Node: 8 - Responded to Size RPC with reply: Accepted
2018-04-21 15:45:58,873 - client - INFO - Node: 10 - Didn't get Prune 
2018-04-21 15:45:58,873 - Node - INFO - Node: 10 - Sent size() message to parent: 8
2018-04-21 15:45:58,873 - Node - INFO - Node: 10 - Starting Server
2018-04-21 15:45:58,873 - main_server - INFO - Node: 10 - Creating GRPC Server 
2018-04-21 15:45:58,874 - main_server - INFO - Node 10 - Created GRPC Server
2018-04-21 15:45:58,875 - main_server - INFO - Node: 10 - Inside Mainserver __init__
2018-04-21 15:45:58,875 - main_server - INFO - Node: 6 - Current size: 87
2018-04-21 15:45:58,875 - main_server - INFO - Node:6 - Child Node: 8 has size 88
2018-04-21 15:45:58,876 - main_server - INFO - Node: 6 - Removed child 8 from childList
2018-04-21 15:45:58,876 - main_server - INFO - Node: 6 - Sending Prune after checking if all children responded or not
2018-04-21 15:45:58,876 - main_server - INFO - Node: 6 - All children responded. Sending size to parent
2018-04-21 15:45:58,876 - main_server - INFO - Node: 6 - Sending Prune to childId: 8
2018-04-21 15:45:58,877 - client - INFO - Node: 6 - Starting sendSize
2018-04-21 15:45:58,878 - client - INFO - Node: 8 - Successfully sent the size message of size 88 to parentId: 6
2018-04-21 15:45:58,878 - main_server - INFO - Node 10 - Starting GRPC Server
2018-04-21 15:45:58,879 - main_server - INFO - Node: 10 - GRPC Server started successfully. Entering forever listening mode...

2018-04-21 15:45:58,879 - client - INFO - Node: 6 - Responded to Size RPC with reply: Prune
2018-04-21 15:45:58,879 - client - INFO - Node: 8 - Got Prune
2018-04-21 15:45:58,881 - main_server - INFO - Node: 2 - Current size: 106
2018-04-21 15:45:58,882 - main_server - INFO - Node:2 - Child Node: 6 has size 87
2018-04-21 15:45:58,882 - client - INFO - Node: 8 - Sending cluster message to child id: 10
2018-04-21 15:45:58,883 - main_server - INFO - Node: 2 - Removed child 6 from childList
2018-04-21 15:45:58,883 - main_server - INFO - Node: 2 - Sending Prune after checking if all children responded or not
2018-04-21 15:45:58,884 - main_server - INFO - Node: 2 - All children responded. Sending size to parent
2018-04-21 15:45:58,884 - main_server - INFO - Node: 2 - Sending Prune to childId: 6
2018-04-21 15:45:58,885 - client - INFO - Node: 2 - Starting sendSize
2018-04-21 15:45:58,885 - client - INFO - Node: 6 - Successfully sent the size message of size 87 to parentId: 2
2018-04-21 15:45:58,886 - main_server - DEBUG - Node:10 - Server got Cluster message
2018-04-21 15:45:58,886 - client - INFO - Node: 2 - Responded to Size RPC with reply: Prune
2018-04-21 15:45:58,887 - client - INFO - Node: 6 - Got Prune
2018-04-21 15:45:58,888 - main_server - INFO - Node: 10 - Now joining Clusterleader Node: 8
2018-04-21 15:45:58,888 - main_server - INFO - Node: 10 - current hop count: 1
2018-04-21 15:45:58,889 - main_server - INFO - Node: 0 - Current size: 34
2018-04-21 15:45:58,889 - main_server - INFO - Node: 10 - NO children found!
2018-04-21 15:45:58,889 - main_server - INFO - Node:0 - Child Node: 2 has size 106
2018-04-21 15:45:58,890 - client - INFO - Node: 6 - Sending cluster message to child id: 7
2018-04-21 15:45:58,891 - main_server - INFO - Node: 0 - Sending Accept to childId: 2 after checking if all children responded or not
2018-04-21 15:45:58,891 - client - INFO - Node: 8 - Got Response: joinClusterResponse: "Joined"
 after sending cluster message to child id: 10
2018-04-21 15:45:58,892 - main_server - INFO - Node 0: - New size: 140
2018-04-21 15:45:58,893 - main_server - INFO - Node: 0 Sending accept to childId: 2
2018-04-21 15:45:58,893 - main_server - DEBUG - Node:7 - Server got Cluster message
2018-04-21 15:45:58,893 - client - INFO - Node: 2 - Successfully sent the size message of size 106 to parentId: 0
2018-04-21 15:45:58,894 - client - INFO - Node: 0 - Responded to Size RPC with reply: Accepted
2018-04-21 15:45:58,894 - client - INFO - Node: 2 - Didn't get Prune 
2018-04-21 15:45:58,894 - main_server - INFO - Node: 7 - Now joining Clusterleader Node: 6
2018-04-21 15:45:58,894 - main_server - INFO - Node: 7 - current hop count: 1
2018-04-21 15:45:58,895 - main_server - INFO - Node: 7 - NO children found!
2018-04-21 15:45:58,895 - client - INFO - Node: 6 - Got Response: joinClusterResponse: "Joined"
 after sending cluster message to child id: 7
2018-04-21 15:45:59,870 - Node - INFO - #######################
2018-04-21 15:45:59,870 - Node - INFO - Node: 11 - Initializing
2018-04-21 15:45:59,870 - Node - INFO - #######################
2018-04-21 15:45:59,871 - Node - INFO - Node: 11 - Calling phaseOneClustering
2018-04-21 15:45:59,872 - Node - INFO - Node: 11 - Starting Phase One Clustering
2018-04-21 15:45:59,872 - Node - INFO - Node: 11 - Calling phaseOneClusterStart with parentId: 5
2018-04-21 15:45:59,873 - client - INFO - Node: 11 - Starting sendSize
2018-04-21 15:45:59,876 - main_server - INFO - Node: 5 - Current size: 26
2018-04-21 15:45:59,876 - main_server - INFO - Node:5 - Child Node: 11 has size 32
2018-04-21 15:45:59,876 - main_server - INFO - Node: 5 - Sending Accept to childId: 11 after checking if all children responded or not
2018-04-21 15:45:59,877 - main_server - INFO - Node 5: - New size: 58
2018-04-21 15:45:59,877 - main_server - INFO - Node: 5 - All children responded. Sending size to parent
2018-04-21 15:45:59,878 - main_server - INFO - Node: 5 Sending accept to childId: 11
2018-04-21 15:45:59,878 - client - INFO - Node: 5 - Starting sendSize
2018-04-21 15:45:59,879 - client - INFO - Node: 11 - Successfully sent the size message of size 32 to parentId: 5
2018-04-21 15:45:59,880 - client - INFO - Node: 5 - Responded to Size RPC with reply: Accepted
2018-04-21 15:45:59,880 - client - INFO - Node: 11 - Didn't get Prune 
2018-04-21 15:45:59,880 - Node - INFO - Node: 11 - Sent size() message to parent: 5
2018-04-21 15:45:59,881 - Node - INFO - Node: 11 - Starting Server
2018-04-21 15:45:59,881 - main_server - INFO - Node: 11 - Creating GRPC Server 
2018-04-21 15:45:59,882 - main_server - INFO - Node 11 - Created GRPC Server
2018-04-21 15:45:59,882 - main_server - INFO - Node: 1 - Current size: 89
2018-04-21 15:45:59,882 - main_server - INFO - Node: 11 - Inside Mainserver __init__
2018-04-21 15:45:59,883 - main_server - INFO - Node:1 - Child Node: 5 has size 58
2018-04-21 15:45:59,883 - main_server - INFO - Node: 1 - Sending Accept to childId: 5 after checking if all children responded or not
2018-04-21 15:45:59,884 - main_server - INFO - Node 1: - New size: 147
2018-04-21 15:45:59,884 - main_server - INFO - Node: 1 - All children responded. Sending size to parent
2018-04-21 15:45:59,884 - main_server - INFO - Node: 1 Sending accept to childId: 5
2018-04-21 15:45:59,884 - client - INFO - Node: 1 - Starting sendSize
2018-04-21 15:45:59,885 - client - INFO - Node: 5 - Successfully sent the size message of size 58 to parentId: 1
2018-04-21 15:45:59,886 - main_server - INFO - Node 11 - Starting GRPC Server
2018-04-21 15:45:59,886 - client - INFO - Node: 1 - Responded to Size RPC with reply: Accepted
2018-04-21 15:45:59,886 - main_server - INFO - Node: 11 - GRPC Server started successfully. Entering forever listening mode...

2018-04-21 15:45:59,887 - client - INFO - Node: 5 - Didn't get Prune 
2018-04-21 15:45:59,887 - main_server - INFO - Node: 0 - Current size: 140
2018-04-21 15:45:59,888 - main_server - INFO - Node:0 - Child Node: 1 has size 147
2018-04-21 15:45:59,888 - main_server - INFO - Node: 0 - Removed child 1 from childList
2018-04-21 15:45:59,888 - main_server - INFO - Node: 0 - Sending Prune after checking if all children responded or not
2018-04-21 15:45:59,888 - main_server - INFO - Node: 0 - All children responded. Sending size to parent
2018-04-21 15:45:59,889 - main_server - INFO - Node: 0 - Sending Prune to childId: 1
2018-04-21 15:45:59,889 - Node - INFO - Node: 0 - Setting myself as clusterhead as no parent found!
2018-04-21 15:45:59,889 - client - INFO - Node: 1 - Successfully sent the size message of size 147 to parentId: 0
2018-04-21 15:45:59,890 - Node - INFO - Node: 0 - Updating DB with size,hopcount variables
2018-04-21 15:45:59,890 - client - INFO - Node: 0 - Responded to Size RPC with reply: Prune
2018-04-21 15:45:59,890 - client - INFO - Node: 1 - Got Prune
2018-04-21 15:45:59,891 - Node - INFO - Node: %s - Successfully DB with size,hopcount variables
2018-04-21 15:45:59,891 - client - INFO - Node: 0 - Sending cluster message to child id: 2
2018-04-21 15:45:59,892 - client - INFO - Node: 1 - Sending cluster message to child id: 3
2018-04-21 15:45:59,894 - main_server - DEBUG - Node:2 - Server got Cluster message
2018-04-21 15:45:59,895 - main_server - DEBUG - Node:3 - Server got Cluster message
2018-04-21 15:45:59,895 - main_server - INFO - Node: 2 - Now joining Clusterleader Node: 0
2018-04-21 15:45:59,895 - main_server - INFO - Node: 2 - current hop count: 1
2018-04-21 15:45:59,896 - main_server - INFO - Node:2 - Children Found! Starting ClusterheadId Propagation
2018-04-21 15:45:59,896 - main_server - INFO - Node: 3 - Now joining Clusterleader Node: 1
2018-04-21 15:45:59,896 - main_server - INFO - Node: 3 - current hop count: 1
2018-04-21 15:45:59,897 - client - INFO - Node: 2 - Sending propagate cluster message to child id: 4
2018-04-21 15:45:59,897 - main_server - INFO - Node: 3 - NO children found!
2018-04-21 15:45:59,897 - client - INFO - Node: 0 - Got Response: joinClusterResponse: "Joined"
 after sending cluster message to child id: 2
2018-04-21 15:45:59,899 - client - INFO - Node: 1 - Got Response: joinClusterResponse: "Joined"
 after sending cluster message to child id: 3
2018-04-21 15:45:59,900 - main_server - DEBUG - Node:4 - Server got Cluster message
2018-04-21 15:45:59,900 - client - INFO - Node: 1 - Sending cluster message to child id: 5
2018-04-21 15:45:59,901 - main_server - INFO - Node: 4 - Now joining Clusterleader Node: 0
2018-04-21 15:45:59,901 - main_server - INFO - Node: 4 - current hop count: 2
2018-04-21 15:45:59,901 - main_server - INFO - Node:4 - Children Found! Starting ClusterheadId Propagation
2018-04-21 15:45:59,903 - client - INFO - Node: 2 - Got Response: joinClusterResponse: "Joined"
 after sending cluster message to child id: 4
2018-04-21 15:45:59,903 - client - INFO - Node: 4 - Sending propagate cluster message to child id: 9
2018-04-21 15:45:59,903 - main_server - DEBUG - Node:5 - Server got Cluster message
2018-04-21 15:45:59,904 - main_server - INFO - Node: 5 - Now joining Clusterleader Node: 1
2018-04-21 15:45:59,904 - main_server - INFO - Node: 5 - current hop count: 1
2018-04-21 15:45:59,905 - main_server - INFO - Node:5 - Children Found! Starting ClusterheadId Propagation
2018-04-21 15:45:59,905 - client - INFO - Node: 5 - Sending propagate cluster message to child id: 11
2018-04-21 15:45:59,907 - main_server - DEBUG - Node:9 - Server got Cluster message
2018-04-21 15:45:59,906 - client - INFO - Node: 1 - Got Response: joinClusterResponse: "Joined"
 after sending cluster message to child id: 5
2018-04-21 15:45:59,907 - main_server - INFO - Node: 9 - Now joining Clusterleader Node: 0
2018-04-21 15:45:59,908 - main_server - INFO - Node: 9 - current hop count: 3
2018-04-21 15:45:59,908 - main_server - INFO - Node: 9 - NO children found!
2018-04-21 15:45:59,909 - client - INFO - Node: 4 - Got Response: joinClusterResponse: "Joined"
 after sending cluster message to child id: 9
2018-04-21 15:45:59,909 - main_server - DEBUG - Node:11 - Server got Cluster message
2018-04-21 15:45:59,910 - main_server - INFO - Node: 11 - Now joining Clusterleader Node: 1
2018-04-21 15:45:59,910 - main_server - INFO - Node: 11 - current hop count: 2
2018-04-21 15:45:59,910 - main_server - INFO - Node: 11 - NO children found!
2018-04-21 15:45:59,911 - client - INFO - Node: 5 - Got Response: joinClusterResponse: "Joined"
 after sending cluster message to child id: 11
