2018-04-21 19:48:23,826 - Node - ERROR - 'NoneType' object is not iterable
2018-04-21 19:48:23,827 - Node - ERROR - Traceback (most recent call last):
  File "/Users/vimanyuaggarwal/Python Projects/cmpe294A/code/phase1/Node.py", line 348, in checkEnergy
    for child in node['childListId']:
TypeError: 'NoneType' object is not iterable

2018-04-21 19:48:23,828 - Node - ERROR - 'NoneType' object is not iterable
2018-04-21 19:48:23,829 - Node - ERROR - Traceback (most recent call last):
  File "/Users/vimanyuaggarwal/Python Projects/cmpe294A/code/phase1/Node.py", line 366, in checkEnergy
    for child in node['childListId']:
TypeError: 'NoneType' object is not iterable

2018-04-21 19:56:14,305 - Node - ERROR - ***Expected Error Ignore ***
2018-04-21 19:56:14,306 - Node - ERROR - 'NoneType' object is not iterable
2018-04-21 19:56:14,307 - Node - ERROR - Traceback (most recent call last):
  File "/Users/vimanyuaggarwal/Python Projects/cmpe294A/code/phase1/Node.py", line 348, in checkEnergy
    for child in node['childListId']:
TypeError: 'NoneType' object is not iterable

2018-04-21 19:56:14,307 - Node - ERROR - ***Expected Error Ignore ***
2018-04-21 19:56:14,309 - Node - ERROR - ***Expected Error Ignore ***
2018-04-21 19:56:14,309 - Node - ERROR - 'NoneType' object is not iterable
2018-04-21 19:56:14,309 - Node - ERROR - Traceback (most recent call last):
  File "/Users/vimanyuaggarwal/Python Projects/cmpe294A/code/phase1/Node.py", line 368, in checkEnergy
    for child in node['childListId']:
TypeError: 'NoneType' object is not iterable

2018-04-21 19:56:14,310 - Node - ERROR - ***Expected Error Ignore ***
