2018-04-07 14:28:27,942 - Node - INFO - Initializing Node: 0
2018-04-07 14:28:27,942 - Node - INFO - Calling weightMatrix for id: 0
2018-04-07 14:28:27,942 - Node - INFO - Calling phaseOneClustering
2018-04-07 14:28:27,942 - Node - INFO - Starting Phase One Clustering on Node: 0
2018-04-07 14:28:27,942 - Node - INFO - I am a parent not leaf: Node: 0
2018-04-07 14:28:27,942 - Node - INFO - Starting Server on Node: 0
2018-04-07 14:28:27,943 - main_server - INFO - Server starting for Node: 0
2018-04-07 14:28:27,945 - main_server - INFO - Server Created
2018-04-07 14:28:27,945 - main_server - INFO - Inside Mainserver __init__:
2018-04-07 14:28:27,946 - main_server - INFO - Node created inside __init__ Mainserver...
2018-04-07 14:28:27,947 - main_server - INFO - Main Server init called successfully
2018-04-07 14:28:27,950 - main_server - INFO - Run port assigned
2018-04-07 14:28:27,951 - main_server - INFO - Server started successfully. Entering forever while below
2018-04-07 14:28:27,952 - main_server - INFO - Inside forever while....
2018-04-07 14:28:30,122 - Node - INFO - Initializing Node: 1
2018-04-07 14:28:30,122 - Node - INFO - Calling weightMatrix for id: 1
2018-04-07 14:28:30,122 - Node - INFO - Calling phaseOneClustering
2018-04-07 14:28:30,123 - Node - INFO - Starting Phase One Clustering on Node: 1
2018-04-07 14:28:30,123 - Node - INFO - I am a parent not leaf: Node: 1
2018-04-07 14:28:30,123 - Node - INFO - Starting Server on Node: 1
2018-04-07 14:28:30,123 - main_server - INFO - Server starting for Node: 1
2018-04-07 14:28:30,126 - main_server - INFO - Server Created
2018-04-07 14:28:30,126 - main_server - INFO - Inside Mainserver __init__:
2018-04-07 14:28:30,126 - main_server - INFO - Node created inside __init__ Mainserver...
2018-04-07 14:28:30,128 - main_server - INFO - Main Server init called successfully
2018-04-07 14:28:30,130 - main_server - INFO - Run port assigned
2018-04-07 14:28:30,132 - main_server - INFO - Server started successfully. Entering forever while below
2018-04-07 14:28:30,132 - main_server - INFO - Inside forever while....
2018-04-07 14:28:32,325 - Node - INFO - Initializing Node: 2
2018-04-07 14:28:32,325 - Node - INFO - Calling weightMatrix for id: 2
2018-04-07 14:28:32,325 - Node - INFO - Calling phaseOneClustering
2018-04-07 14:28:32,325 - Node - INFO - Starting Phase One Clustering on Node: 2
2018-04-07 14:28:32,325 - Node - INFO - I am a parent not leaf: Node: 2
2018-04-07 14:28:32,325 - Node - INFO - Starting Server on Node: 2
2018-04-07 14:28:32,325 - main_server - INFO - Server starting for Node: 2
2018-04-07 14:28:32,328 - main_server - INFO - Server Created
2018-04-07 14:28:32,328 - main_server - INFO - Inside Mainserver __init__:
2018-04-07 14:28:32,328 - main_server - INFO - Node created inside __init__ Mainserver...
2018-04-07 14:28:32,329 - main_server - INFO - Main Server init called successfully
2018-04-07 14:28:32,332 - main_server - INFO - Run port assigned
2018-04-07 14:28:32,333 - main_server - INFO - Server started successfully. Entering forever while below
2018-04-07 14:28:32,334 - main_server - INFO - Inside forever while....
2018-04-07 14:28:34,640 - Node - INFO - Initializing Node: 3
2018-04-07 14:28:34,641 - Node - INFO - Calling weightMatrix for id: 3
2018-04-07 14:28:34,641 - Node - INFO - Calling phaseOneClustering
2018-04-07 14:28:34,641 - Node - INFO - Starting Phase One Clustering on Node: 3
2018-04-07 14:28:34,641 - Node - INFO - Calling phaseOneClusterStart on client.py from Node.py with parentId: 1
2018-04-07 14:28:34,645 - client - INFO - sendSize starting on client.py for node: 3
2018-04-07 14:28:34,649 - main_server - INFO - Server Node:1 current size is 47
2018-04-07 14:28:34,649 - main_server - INFO - Server Node:1 Child size is 42
2018-04-07 14:28:34,650 - main_server - INFO - Sending Accept after checking if all children responded or not
2018-04-07 14:28:34,650 - main_server - INFO - Node 1: new size is 89
2018-04-07 14:28:34,650 - main_server - INFO - Node: 1 Sending accept to child
2018-04-07 14:28:34,651 - client - INFO - Node 3 sent the size message of size 42 to 1
2018-04-07 14:28:34,651 - client - INFO - Node 1: responded to Size RPC with reply: Accepted
2018-04-07 14:28:34,651 - client - INFO - Didn't get Prune Node: 3
2018-04-07 14:28:34,652 - Node - INFO - Node: 3 sent size() message to parent: 1
2018-04-07 14:28:34,652 - Node - INFO - Starting Server on Node: 3
2018-04-07 14:28:34,652 - main_server - INFO - Server starting for Node: 3
2018-04-07 14:28:34,653 - main_server - INFO - Server Created
2018-04-07 14:28:34,653 - main_server - INFO - Inside Mainserver __init__:
2018-04-07 14:28:34,653 - main_server - INFO - Node created inside __init__ Mainserver...
2018-04-07 14:28:34,655 - main_server - INFO - Main Server init called successfully
2018-04-07 14:28:34,656 - main_server - INFO - Run port assigned
2018-04-07 14:28:34,657 - main_server - INFO - Server started successfully. Entering forever while below
2018-04-07 14:28:34,657 - main_server - INFO - Inside forever while....
2018-04-07 14:28:36,727 - Node - INFO - Initializing Node: 4
2018-04-07 14:28:36,727 - Node - INFO - Calling weightMatrix for id: 4
2018-04-07 14:28:36,727 - Node - INFO - Calling phaseOneClustering
2018-04-07 14:28:36,727 - Node - INFO - Starting Phase One Clustering on Node: 4
2018-04-07 14:28:36,727 - Node - INFO - Calling phaseOneClusterStart on client.py from Node.py with parentId: 2
2018-04-07 14:28:36,730 - client - INFO - sendSize starting on client.py for node: 4
2018-04-07 14:28:36,734 - main_server - INFO - Server Node:2 current size is 37
2018-04-07 14:28:36,734 - main_server - INFO - Server Node:2 Child size is 42
2018-04-07 14:28:36,735 - main_server - INFO - Sending Accept after checking if all children responded or not
2018-04-07 14:28:36,735 - main_server - INFO - Node 2: new size is 79
2018-04-07 14:28:36,735 - main_server - INFO - Node: 2 Sending accept to child
2018-04-07 14:28:36,735 - client - INFO - Node 4 sent the size message of size 42 to 2
2018-04-07 14:28:36,735 - client - INFO - Node 2: responded to Size RPC with reply: Accepted
2018-04-07 14:28:36,736 - client - INFO - Didn't get Prune Node: 4
2018-04-07 14:28:36,736 - Node - INFO - Node: 4 sent size() message to parent: 2
2018-04-07 14:28:36,736 - Node - INFO - Starting Server on Node: 4
2018-04-07 14:28:36,736 - main_server - INFO - Server starting for Node: 4
2018-04-07 14:28:36,737 - main_server - INFO - Server Created
2018-04-07 14:28:36,737 - main_server - INFO - Inside Mainserver __init__:
2018-04-07 14:28:36,738 - main_server - INFO - Node created inside __init__ Mainserver...
2018-04-07 14:28:36,739 - main_server - INFO - Main Server init called successfully
2018-04-07 14:28:36,739 - main_server - INFO - Run port assigned
2018-04-07 14:28:36,741 - main_server - INFO - Server started successfully. Entering forever while below
2018-04-07 14:28:36,741 - main_server - INFO - Inside forever while....
2018-04-07 14:28:38,996 - Node - INFO - Initializing Node: 5
2018-04-07 14:28:38,996 - Node - INFO - Calling weightMatrix for id: 5
2018-04-07 14:28:38,996 - Node - INFO - Calling phaseOneClustering
2018-04-07 14:28:38,997 - Node - INFO - Starting Phase One Clustering on Node: 5
2018-04-07 14:28:38,997 - Node - INFO - Calling phaseOneClusterStart on client.py from Node.py with parentId: 1
2018-04-07 14:28:39,000 - client - INFO - sendSize starting on client.py for node: 5
2018-04-07 14:28:39,003 - main_server - INFO - Server Node:1 current size is 89
2018-04-07 14:28:39,004 - main_server - INFO - Server Node:1 Child size is 26
2018-04-07 14:28:39,004 - main_server - INFO - Sending Accept after checking if all children responded or not
2018-04-07 14:28:39,004 - main_server - INFO - Node 1: new size is 115
2018-04-07 14:28:39,004 - main_server - INFO - All children responded. Sending size to parent
2018-04-07 14:28:39,005 - main_server - INFO - Node: 1 Sending accept to child
2018-04-07 14:28:39,006 - client - INFO - sendSize starting on client.py for node: 1
2018-04-07 14:28:39,007 - client - INFO - Node 5 sent the size message of size 26 to 1
2018-04-07 14:28:39,007 - client - INFO - Node 1: responded to Size RPC with reply: Accepted
2018-04-07 14:28:39,007 - client - INFO - Didn't get Prune Node: 5
2018-04-07 14:28:39,007 - Node - INFO - Node: 5 sent size() message to parent: 1
2018-04-07 14:28:39,007 - Node - INFO - Starting Server on Node: 5
2018-04-07 14:28:39,008 - main_server - INFO - Server starting for Node: 5
2018-04-07 14:28:39,008 - main_server - INFO - Server Node:0 current size is 34
2018-04-07 14:28:39,008 - main_server - INFO - Server Node:0 Child size is 115
2018-04-07 14:28:39,008 - main_server - INFO - Sending Prune after checking if all children responded or not
2018-04-07 14:28:39,009 - main_server - INFO - Node: 0 Sending Prune
2018-04-07 14:28:39,009 - client - INFO - Node 1 sent the size message of size 115 to 0
2018-04-07 14:28:39,009 - main_server - INFO - Server Created
2018-04-07 14:28:39,009 - client - INFO - Node 0: responded to Size RPC with reply: Prune
2018-04-07 14:28:39,009 - main_server - INFO - Inside Mainserver __init__:
2018-04-07 14:28:39,009 - client - INFO - Got Prune 1
2018-04-07 14:28:39,009 - main_server - INFO - Node created inside __init__ Mainserver...
2018-04-07 14:28:39,010 - client - INFO - Node 1: sending cluster message to child id: 3
2018-04-07 14:28:39,010 - client - INFO - Child IP: localhost:50053
2018-04-07 14:28:39,011 - main_server - INFO - Main Server init called successfully
2018-04-07 14:28:39,011 - main_server - INFO - Run port assigned
2018-04-07 14:28:39,013 - main_server - INFO - Server started successfully. Entering forever while below
2018-04-07 14:28:39,013 - main_server - INFO - Inside forever while....
2018-04-07 14:37:39,305 - Node - INFO - Server successfully started on node: 0
2018-04-07 14:37:41,793 - Node - INFO - Server successfully started on node: 1
2018-04-07 14:37:43,194 - Node - INFO - Server successfully started on node: 2
2018-04-07 14:37:45,592 - Node - INFO - Server successfully started on node: 3
2018-04-07 14:37:46,728 - Node - INFO - Server successfully started on node: 4
2018-04-07 14:37:48,048 - Node - INFO - Server successfully started on node: 5
