2018-05-04 16:11:48,334 - __main__ - INFO - Cleaning DB if it exists
2018-05-04 16:11:48,334 - __main__ - INFO - Creating New DB
2018-05-04 16:11:48,336 - Node - INFO - #######################
2018-05-04 16:11:48,336 - Node - INFO - Node: 0 - Initializing
2018-05-04 16:11:48,336 - Node - INFO - #######################
2018-05-04 16:11:48,339 - Node - INFO - Node: 0 - No node with rackLocation:-1,0 found!
2018-05-04 16:11:48,340 - Node - INFO - Node: 0 - No node with rackLocation:0,-1 found!
2018-05-04 16:11:48,341 - Node - INFO - Node: 0 - No node with rackLocation:-1,-1 found!
2018-05-04 16:11:48,341 - Node - INFO - Node: 0 - No node with rackLocation:1,-1 found!
2018-05-04 16:11:48,342 - Node - INFO - Node: 0 - No node with rackLocation:-1,1 found!
2018-05-04 16:11:48,342 - Node - INFO - Node: 0 - Calling phaseOneClustering
2018-05-04 16:11:48,342 - Node - INFO - Node: 0 - Starting Phase One Clustering
2018-05-04 16:11:48,342 - Node - INFO - Node: 0 - I am a parent not leaf
2018-05-04 16:11:48,342 - Node - INFO - Node: 0 - Starting Server
2018-05-04 16:11:48,342 - main_server - INFO - Node: 0 - Creating GRPC Server 
2018-05-04 16:11:48,345 - main_server - INFO - Node 0 - Created GRPC Server
2018-05-04 16:11:48,346 - main_server - INFO - Node: 0 - Inside Mainserver __init__
2018-05-04 16:11:48,350 - main_server - INFO - Node 0 - Starting GRPC Server
2018-05-04 16:11:48,351 - main_server - INFO - Node: 0 - GRPC Server started successfully. Entering forever listening mode...

2018-05-04 16:11:49,340 - Node - INFO - #######################
2018-05-04 16:11:49,340 - Node - INFO - Node: 1 - Initializing
2018-05-04 16:11:49,340 - Node - INFO - #######################
2018-05-04 16:11:49,343 - Node - INFO - Node: 1 - No node with rackLocation:-1,1 found!
2018-05-04 16:11:49,346 - Node - INFO - Node: 1 - No node with rackLocation:-1,0 found!
2018-05-04 16:11:49,347 - Node - INFO - Node: 1 - No node with rackLocation:-1,2 found!
2018-05-04 16:11:49,347 - Node - INFO - Node: 1 - Calling phaseOneClustering
2018-05-04 16:11:49,347 - Node - INFO - Node: 1 - Starting Phase One Clustering
2018-05-04 16:11:49,347 - Node - INFO - Node: 1 - I am a parent not leaf
2018-05-04 16:11:49,348 - Node - INFO - Node: 1 - Starting Server
2018-05-04 16:11:49,348 - main_server - INFO - Node: 1 - Creating GRPC Server 
2018-05-04 16:11:49,348 - main_server - INFO - Node 1 - Created GRPC Server
2018-05-04 16:11:49,348 - main_server - INFO - Node: 1 - Inside Mainserver __init__
2018-05-04 16:11:49,351 - main_server - INFO - Node 1 - Starting GRPC Server
2018-05-04 16:11:49,351 - main_server - INFO - Node: 1 - GRPC Server started successfully. Entering forever listening mode...

2018-05-04 16:11:50,346 - Node - INFO - #######################
2018-05-04 16:11:50,346 - Node - INFO - Node: 2 - Initializing
2018-05-04 16:11:50,346 - Node - INFO - #######################
2018-05-04 16:11:50,349 - Node - INFO - Node: 2 - No node with rackLocation:-1,2 found!
2018-05-04 16:11:50,352 - Node - INFO - Node: 2 - No node with rackLocation:-1,1 found!
2018-05-04 16:11:50,353 - Node - INFO - Node: 2 - No node with rackLocation:-1,3 found!
2018-05-04 16:11:50,353 - Node - INFO - Node: 2 - Calling phaseOneClustering
2018-05-04 16:11:50,353 - Node - INFO - Node: 2 - Starting Phase One Clustering
2018-05-04 16:11:50,353 - Node - INFO - Node: 2 - I am a parent not leaf
2018-05-04 16:11:50,353 - Node - INFO - Node: 2 - Starting Server
2018-05-04 16:11:50,353 - main_server - INFO - Node: 2 - Creating GRPC Server 
2018-05-04 16:11:50,354 - main_server - INFO - Node 2 - Created GRPC Server
2018-05-04 16:11:50,354 - main_server - INFO - Node: 2 - Inside Mainserver __init__
2018-05-04 16:11:50,357 - main_server - INFO - Node 2 - Starting GRPC Server
2018-05-04 16:11:50,357 - main_server - INFO - Node: 2 - GRPC Server started successfully. Entering forever listening mode...

2018-05-04 16:11:51,350 - Node - INFO - #######################
2018-05-04 16:11:51,351 - Node - INFO - Node: 3 - Initializing
2018-05-04 16:11:51,351 - Node - INFO - #######################
2018-05-04 16:11:51,355 - Node - INFO - Node: 3 - No node with rackLocation:1,-1 found!
2018-05-04 16:11:51,356 - Node - INFO - Node: 3 - No node with rackLocation:0,-1 found!
2018-05-04 16:11:51,357 - Node - INFO - Node: 3 - No node with rackLocation:2,-1 found!
2018-05-04 16:11:51,358 - Node - INFO - Node: 3 - Calling phaseOneClustering
2018-05-04 16:11:51,358 - Node - INFO - Node: 3 - Starting Phase One Clustering
2018-05-04 16:11:51,358 - Node - INFO - Node: 3 - Calling phaseOneClusterStart with parentId: 1
2018-05-04 16:11:51,361 - client - INFO - Node: 3 - Starting sendSize
2018-05-04 16:11:51,364 - main_server - INFO - Node: 1 - Current size: 47
2018-05-04 16:11:51,364 - main_server - INFO - Node:1 - Child Node: 3 has size 42
2018-05-04 16:11:51,364 - main_server - INFO - Node: 1 - Sending Accept to childId: 3 after checking if all children responded or not
2018-05-04 16:11:51,366 - main_server - INFO - Node 1: - New size: 89
2018-05-04 16:11:51,366 - main_server - INFO - Node: 1 Sending accept to childId: 3
2018-05-04 16:11:51,367 - client - INFO - Node: 3 - Successfully sent the size message of size 42 to parentId: 1
2018-05-04 16:11:51,367 - client - INFO - Node: 1 - Responded to Size RPC with reply: Accepted
2018-05-04 16:11:51,367 - client - INFO - Node: 3 - Didn't get Prune 
2018-05-04 16:11:51,367 - Node - INFO - Node: 3 - Sent size() message to parent: 1
2018-05-04 16:11:51,368 - Node - INFO - Node: 3 - Starting Server
2018-05-04 16:11:51,368 - main_server - INFO - Node: 3 - Creating GRPC Server 
2018-05-04 16:11:51,368 - main_server - INFO - Node 3 - Created GRPC Server
2018-05-04 16:11:51,368 - main_server - INFO - Node: 3 - Inside Mainserver __init__
2018-05-04 16:11:51,370 - main_server - INFO - Node 3 - Starting GRPC Server
2018-05-04 16:11:51,371 - main_server - INFO - Node: 3 - GRPC Server started successfully. Entering forever listening mode...

2018-05-04 16:11:52,353 - Node - INFO - #######################
2018-05-04 16:11:52,353 - Node - INFO - Node: 4 - Initializing
2018-05-04 16:11:52,354 - Node - INFO - #######################
2018-05-04 16:11:52,360 - Node - INFO - Node: 4 - Calling phaseOneClustering
2018-05-04 16:11:52,360 - Node - INFO - Node: 4 - Starting Phase One Clustering
2018-05-04 16:11:52,360 - Node - INFO - Node: 4 - I am a parent not leaf
2018-05-04 16:11:52,360 - Node - INFO - Node: 4 - Starting Server
2018-05-04 16:11:52,360 - main_server - INFO - Node: 4 - Creating GRPC Server 
2018-05-04 16:11:52,361 - main_server - INFO - Node 4 - Created GRPC Server
2018-05-04 16:11:52,361 - main_server - INFO - Node: 4 - Inside Mainserver __init__
2018-05-04 16:11:52,364 - main_server - INFO - Node 4 - Starting GRPC Server
2018-05-04 16:11:52,364 - main_server - INFO - Node: 4 - GRPC Server started successfully. Entering forever listening mode...

2018-05-04 16:11:53,354 - Node - INFO - #######################
2018-05-04 16:11:53,357 - Node - INFO - Node: 5 - Initializing
2018-05-04 16:11:53,358 - Node - INFO - #######################
2018-05-04 16:11:53,364 - Node - INFO - Node: 5 - Calling phaseOneClustering
2018-05-04 16:11:53,364 - Node - INFO - Node: 5 - Starting Phase One Clustering
2018-05-04 16:11:53,364 - Node - INFO - Node: 5 - I am a parent not leaf
2018-05-04 16:11:53,364 - Node - INFO - Node: 5 - Starting Server
2018-05-04 16:11:53,365 - main_server - INFO - Node: 5 - Creating GRPC Server 
2018-05-04 16:11:53,365 - main_server - INFO - Node 5 - Created GRPC Server
2018-05-04 16:11:53,365 - main_server - INFO - Node: 5 - Inside Mainserver __init__
2018-05-04 16:11:53,368 - main_server - INFO - Node 5 - Starting GRPC Server
2018-05-04 16:11:53,368 - main_server - INFO - Node: 5 - GRPC Server started successfully. Entering forever listening mode...

2018-05-04 16:11:54,355 - Node - INFO - #######################
2018-05-04 16:11:54,355 - Node - INFO - Node: 6 - Initializing
2018-05-04 16:11:54,356 - Node - INFO - #######################
2018-05-04 16:11:54,358 - Node - INFO - Node: 6 - No node with rackLocation:3,1 found!
2018-05-04 16:11:54,360 - Node - INFO - Node: 6 - No node with rackLocation:3,2 found!
2018-05-04 16:11:54,362 - Node - INFO - Node: 6 - No node with rackLocation:3,0 found!
2018-05-04 16:11:54,362 - Node - INFO - Node: 6 - Calling phaseOneClustering
2018-05-04 16:11:54,362 - Node - INFO - Node: 6 - Starting Phase One Clustering
2018-05-04 16:11:54,363 - Node - INFO - Node: 6 - I am a parent not leaf
2018-05-04 16:11:54,363 - Node - INFO - Node: 6 - Starting Server
2018-05-04 16:11:54,363 - main_server - INFO - Node: 6 - Creating GRPC Server 
2018-05-04 16:11:54,363 - main_server - INFO - Node 6 - Created GRPC Server
2018-05-04 16:11:54,363 - main_server - INFO - Node: 6 - Inside Mainserver __init__
2018-05-04 16:11:54,366 - main_server - INFO - Node 6 - Starting GRPC Server
2018-05-04 16:11:54,366 - main_server - INFO - Node: 6 - GRPC Server started successfully. Entering forever listening mode...

2018-05-04 16:11:55,359 - Node - INFO - #######################
2018-05-04 16:11:55,360 - Node - INFO - Node: 7 - Initializing
2018-05-04 16:11:55,360 - Node - INFO - #######################
2018-05-04 16:11:55,362 - Node - INFO - Node: 7 - No node with rackLocation:3,0 found!
2018-05-04 16:11:55,364 - Node - INFO - Node: 7 - No node with rackLocation:2,-1 found!
2018-05-04 16:11:55,365 - Node - INFO - Node: 7 - No node with rackLocation:3,1 found!
2018-05-04 16:11:55,365 - Node - INFO - Node: 7 - No node with rackLocation:1,-1 found!
2018-05-04 16:11:55,366 - Node - INFO - Node: 7 - No node with rackLocation:3,-1 found!
2018-05-04 16:11:55,367 - Node - INFO - Node: 7 - Calling phaseOneClustering
2018-05-04 16:11:55,367 - Node - INFO - Node: 7 - Starting Phase One Clustering
2018-05-04 16:11:55,367 - Node - INFO - Node: 7 - Calling phaseOneClusterStart with parentId: 6
2018-05-04 16:11:55,368 - client - INFO - Node: 7 - Starting sendSize
2018-05-04 16:11:55,370 - main_server - INFO - Node: 6 - Current size: 44
2018-05-04 16:11:55,371 - main_server - INFO - Node:6 - Child Node: 7 has size 43
2018-05-04 16:11:55,371 - main_server - INFO - Node: 6 - Sending Accept to childId: 7 after checking if all children responded or not
2018-05-04 16:11:55,372 - main_server - INFO - Node 6: - New size: 87
2018-05-04 16:11:55,372 - main_server - INFO - Node: 6 Sending accept to childId: 7
2018-05-04 16:11:55,372 - client - INFO - Node: 7 - Successfully sent the size message of size 43 to parentId: 6
2018-05-04 16:11:55,372 - client - INFO - Node: 6 - Responded to Size RPC with reply: Accepted
2018-05-04 16:11:55,372 - client - INFO - Node: 7 - Didn't get Prune 
2018-05-04 16:11:55,373 - Node - INFO - Node: 7 - Sent size() message to parent: 6
2018-05-04 16:11:55,373 - Node - INFO - Node: 7 - Starting Server
2018-05-04 16:11:55,373 - main_server - INFO - Node: 7 - Creating GRPC Server 
2018-05-04 16:11:55,373 - main_server - INFO - Node 7 - Created GRPC Server
2018-05-04 16:11:55,373 - main_server - INFO - Node: 7 - Inside Mainserver __init__
2018-05-04 16:11:55,376 - main_server - INFO - Node 7 - Starting GRPC Server
2018-05-04 16:11:55,376 - main_server - INFO - Node: 7 - GRPC Server started successfully. Entering forever listening mode...

2018-05-04 16:11:56,360 - Node - INFO - #######################
2018-05-04 16:11:56,360 - Node - INFO - Node: 8 - Initializing
2018-05-04 16:11:56,361 - Node - INFO - #######################
2018-05-04 16:11:56,363 - Node - INFO - Node: 8 - No node with rackLocation:3,2 found!
2018-05-04 16:11:56,365 - Node - INFO - Node: 8 - No node with rackLocation:3,3 found!
2018-05-04 16:11:56,366 - Node - INFO - Node: 8 - No node with rackLocation:3,1 found!
2018-05-04 16:11:56,367 - Node - INFO - Node: 8 - Calling phaseOneClustering
2018-05-04 16:11:56,368 - Node - INFO - Node: 8 - Starting Phase One Clustering
2018-05-04 16:11:56,368 - Node - INFO - Node: 8 - I am a parent not leaf
2018-05-04 16:11:56,368 - Node - INFO - Node: 8 - Starting Server
2018-05-04 16:11:56,368 - main_server - INFO - Node: 8 - Creating GRPC Server 
2018-05-04 16:11:56,368 - main_server - INFO - Node 8 - Created GRPC Server
2018-05-04 16:11:56,368 - main_server - INFO - Node: 8 - Inside Mainserver __init__
2018-05-04 16:11:56,371 - main_server - INFO - Node 8 - Starting GRPC Server
2018-05-04 16:11:56,371 - main_server - INFO - Node: 8 - GRPC Server started successfully. Entering forever listening mode...

2018-05-04 16:11:57,365 - Node - INFO - #######################
2018-05-04 16:11:57,365 - Node - INFO - Node: 9 - Initializing
2018-05-04 16:11:57,365 - Node - INFO - #######################
2018-05-04 16:11:57,368 - Node - INFO - Node: 9 - No node with rackLocation:-1,3 found!
2018-05-04 16:11:57,369 - Node - INFO - Node: 9 - No node with rackLocation:0,4 found!
2018-05-04 16:11:57,370 - Node - INFO - Node: 9 - No node with rackLocation:1,4 found!
2018-05-04 16:11:57,371 - Node - INFO - Node: 9 - No node with rackLocation:-1,2 found!
2018-05-04 16:11:57,372 - Node - INFO - Node: 9 - No node with rackLocation:-1,4 found!
2018-05-04 16:11:57,372 - Node - INFO - Node: 9 - Calling phaseOneClustering
2018-05-04 16:11:57,372 - Node - INFO - Node: 9 - Starting Phase One Clustering
2018-05-04 16:11:57,372 - Node - INFO - Node: 9 - Calling phaseOneClusterStart with parentId: 4
2018-05-04 16:11:57,373 - client - INFO - Node: 9 - Starting sendSize
2018-05-04 16:11:57,376 - main_server - INFO - Node: 4 - Current size: 42
2018-05-04 16:11:57,376 - main_server - INFO - Node:4 - Child Node: 9 has size 27
2018-05-04 16:11:57,376 - main_server - INFO - Node: 4 - Sending Accept to childId: 9 after checking if all children responded or not
2018-05-04 16:11:57,377 - main_server - INFO - Node 4: - New size: 69
2018-05-04 16:11:57,377 - main_server - INFO - Node: 4 - All children responded. Sending size to parent
2018-05-04 16:11:57,377 - main_server - INFO - Node: 4 Sending accept to childId: 9
2018-05-04 16:11:57,378 - client - INFO - Node: 4 - Starting sendSize
2018-05-04 16:11:57,378 - client - INFO - Node: 9 - Successfully sent the size message of size 27 to parentId: 4
2018-05-04 16:11:57,379 - client - INFO - Node: 4 - Responded to Size RPC with reply: Accepted
2018-05-04 16:11:57,379 - client - INFO - Node: 9 - Didn't get Prune 
2018-05-04 16:11:57,379 - Node - INFO - Node: 9 - Sent size() message to parent: 4
2018-05-04 16:11:57,379 - Node - INFO - Node: 9 - Starting Server
2018-05-04 16:11:57,379 - main_server - INFO - Node: 9 - Creating GRPC Server 
2018-05-04 16:11:57,380 - main_server - INFO - Node 9 - Created GRPC Server
2018-05-04 16:11:57,381 - main_server - INFO - Node: 2 - Current size: 37
2018-05-04 16:11:57,381 - main_server - INFO - Node: 9 - Inside Mainserver __init__
2018-05-04 16:11:57,381 - main_server - INFO - Node:2 - Child Node: 4 has size 69
2018-05-04 16:11:57,382 - main_server - INFO - Node: 2 - Sending Accept to childId: 4 after checking if all children responded or not
2018-05-04 16:11:57,383 - main_server - INFO - Node 2: - New size: 106
2018-05-04 16:11:57,383 - main_server - INFO - Node: 2 Sending accept to childId: 4
2018-05-04 16:11:57,383 - client - INFO - Node: 4 - Successfully sent the size message of size 69 to parentId: 2
2018-05-04 16:11:57,383 - client - INFO - Node: 2 - Responded to Size RPC with reply: Accepted
2018-05-04 16:11:57,384 - client - INFO - Node: 4 - Didn't get Prune 
2018-05-04 16:11:57,384 - main_server - INFO - Node 9 - Starting GRPC Server
2018-05-04 16:11:57,384 - main_server - INFO - Node: 9 - GRPC Server started successfully. Entering forever listening mode...

2018-05-04 16:11:58,370 - Node - INFO - #######################
2018-05-04 16:11:58,370 - Node - INFO - Node: 10 - Initializing
2018-05-04 16:11:58,370 - Node - INFO - #######################
2018-05-04 16:11:58,374 - Node - INFO - Node: 10 - No node with rackLocation:1,4 found!
2018-05-04 16:11:58,375 - Node - INFO - Node: 10 - No node with rackLocation:2,4 found!
2018-05-04 16:11:58,377 - Node - INFO - Node: 10 - No node with rackLocation:0,4 found!
2018-05-04 16:11:58,377 - Node - INFO - Node: 10 - Calling phaseOneClustering
2018-05-04 16:11:58,377 - Node - INFO - Node: 10 - Starting Phase One Clustering
2018-05-04 16:11:58,377 - Node - INFO - Node: 10 - Calling phaseOneClusterStart with parentId: 8
2018-05-04 16:11:58,378 - client - INFO - Node: 10 - Starting sendSize
2018-05-04 16:11:58,381 - main_server - INFO - Node: 8 - Current size: 66
2018-05-04 16:11:58,381 - main_server - INFO - Node:8 - Child Node: 10 has size 22
2018-05-04 16:11:58,381 - main_server - INFO - Node: 8 - Sending Accept to childId: 10 after checking if all children responded or not
2018-05-04 16:11:58,382 - main_server - INFO - Node 8: - New size: 88
2018-05-04 16:11:58,382 - main_server - INFO - Node: 8 - All children responded. Sending size to parent
2018-05-04 16:11:58,382 - main_server - INFO - Node: 8 Sending accept to childId: 10
2018-05-04 16:11:58,383 - client - INFO - Node: 8 - Starting sendSize
2018-05-04 16:11:58,383 - client - INFO - Node: 10 - Successfully sent the size message of size 22 to parentId: 8
2018-05-04 16:11:58,384 - client - INFO - Node: 8 - Responded to Size RPC with reply: Accepted
2018-05-04 16:11:58,384 - client - INFO - Node: 10 - Didn't get Prune 
2018-05-04 16:11:58,384 - Node - INFO - Node: 10 - Sent size() message to parent: 8
2018-05-04 16:11:58,384 - Node - INFO - Node: 10 - Starting Server
2018-05-04 16:11:58,384 - main_server - INFO - Node: 10 - Creating GRPC Server 
2018-05-04 16:11:58,386 - main_server - INFO - Node 10 - Created GRPC Server
2018-05-04 16:11:58,387 - main_server - INFO - Node: 6 - Current size: 87
2018-05-04 16:11:58,387 - main_server - INFO - Node: 10 - Inside Mainserver __init__
2018-05-04 16:11:58,387 - main_server - INFO - Node:6 - Child Node: 8 has size 88
2018-05-04 16:11:58,388 - main_server - INFO - Node: 6 - Removed child 8 from childList
2018-05-04 16:11:58,388 - main_server - INFO - Node: 6 - Sending Prune after checking if all children responded or not
2018-05-04 16:11:58,388 - main_server - INFO - Node: 6 - All children responded. Sending size to parent
2018-05-04 16:11:58,389 - main_server - INFO - Node: 6 - Sending Prune to childId: 8
2018-05-04 16:11:58,389 - client - INFO - Node: 6 - Starting sendSize
2018-05-04 16:11:58,390 - client - INFO - Node: 8 - Successfully sent the size message of size 88 to parentId: 6
2018-05-04 16:11:58,390 - main_server - INFO - Node 10 - Starting GRPC Server
2018-05-04 16:11:58,391 - main_server - INFO - Node: 10 - GRPC Server started successfully. Entering forever listening mode...

2018-05-04 16:11:58,391 - client - INFO - Node: 6 - Responded to Size RPC with reply: Prune
2018-05-04 16:11:58,392 - client - INFO - Node: 8 - Got Prune
2018-05-04 16:11:58,393 - main_server - INFO - Node: 2 - Current size: 106
2018-05-04 16:11:58,393 - main_server - INFO - Node:2 - Child Node: 6 has size 87
2018-05-04 16:11:58,394 - main_server - INFO - Node: 2 - Removed child 6 from childList
2018-05-04 16:11:58,394 - client - INFO - Node: 8 - Sending cluster message to child id: 10
2018-05-04 16:11:58,395 - main_server - INFO - Node: 2 - Sending Prune after checking if all children responded or not
2018-05-04 16:11:58,395 - main_server - INFO - Node: 2 - All children responded. Sending size to parent
2018-05-04 16:11:58,395 - main_server - INFO - Node: 2 - Sending Prune to childId: 6
2018-05-04 16:11:58,396 - client - INFO - Node: 2 - Starting sendSize
2018-05-04 16:11:58,397 - main_server - DEBUG - Node:10 - Server got Cluster message
2018-05-04 16:11:58,397 - client - INFO - Node: 6 - Successfully sent the size message of size 87 to parentId: 2
2018-05-04 16:11:58,399 - client - INFO - Node: 2 - Responded to Size RPC with reply: Prune
2018-05-04 16:11:58,399 - main_server - INFO - Node: 10 - Now joining Clusterleader Node: 8
2018-05-04 16:11:58,399 - client - INFO - Node: 6 - Got Prune
2018-05-04 16:11:58,399 - main_server - INFO - Node: 10 - current hop count: 1
2018-05-04 16:11:58,399 - main_server - INFO - Node: 0 - Current size: 34
2018-05-04 16:11:58,400 - main_server - INFO - Node: 10 - NO children found!
2018-05-04 16:11:58,400 - main_server - INFO - Node:0 - Child Node: 2 has size 106
2018-05-04 16:11:58,401 - client - INFO - Node: 6 - Sending cluster message to child id: 7
2018-05-04 16:11:58,401 - main_server - INFO - Node: 0 - Sending Accept to childId: 2 after checking if all children responded or not
2018-05-04 16:11:58,401 - client - INFO - Node: 8 - Got Response: joinClusterResponse: "Joined"
 after sending cluster message to child id: 10
2018-05-04 16:11:58,402 - main_server - INFO - Node 0: - New size: 140
2018-05-04 16:11:58,403 - main_server - INFO - Node: 0 Sending accept to childId: 2
2018-05-04 16:11:58,404 - client - INFO - Node: 2 - Successfully sent the size message of size 106 to parentId: 0
2018-05-04 16:11:58,404 - main_server - DEBUG - Node:7 - Server got Cluster message
2018-05-04 16:11:58,404 - client - INFO - Node: 0 - Responded to Size RPC with reply: Accepted
2018-05-04 16:11:58,405 - client - INFO - Node: 2 - Didn't get Prune 
2018-05-04 16:11:58,405 - main_server - INFO - Node: 7 - Now joining Clusterleader Node: 6
2018-05-04 16:11:58,405 - main_server - INFO - Node: 7 - current hop count: 1
2018-05-04 16:11:58,405 - main_server - INFO - Node: 7 - NO children found!
2018-05-04 16:11:58,406 - client - INFO - Node: 6 - Got Response: joinClusterResponse: "Joined"
 after sending cluster message to child id: 7
2018-05-04 16:11:59,372 - Node - INFO - #######################
2018-05-04 16:11:59,373 - Node - INFO - Node: 11 - Initializing
2018-05-04 16:11:59,373 - Node - INFO - #######################
2018-05-04 16:11:59,375 - Node - INFO - Node: 11 - No node with rackLocation:3,3 found!
2018-05-04 16:11:59,377 - Node - INFO - Node: 11 - No node with rackLocation:2,4 found!
2018-05-04 16:11:59,378 - Node - INFO - Node: 11 - No node with rackLocation:3,4 found!
2018-05-04 16:11:59,379 - Node - INFO - Node: 11 - No node with rackLocation:3,2 found!
2018-05-04 16:11:59,380 - Node - INFO - Node: 11 - No node with rackLocation:1,4 found!
2018-05-04 16:11:59,380 - Node - INFO - Node: 11 - Calling phaseOneClustering
2018-05-04 16:11:59,380 - Node - INFO - Node: 11 - Starting Phase One Clustering
2018-05-04 16:11:59,380 - Node - INFO - Node: 11 - Calling phaseOneClusterStart with parentId: 5
2018-05-04 16:11:59,381 - client - INFO - Node: 11 - Starting sendSize
2018-05-04 16:11:59,383 - main_server - INFO - Node: 5 - Current size: 26
2018-05-04 16:11:59,384 - main_server - INFO - Node:5 - Child Node: 11 has size 32
2018-05-04 16:11:59,384 - main_server - INFO - Node: 5 - Sending Accept to childId: 11 after checking if all children responded or not
2018-05-04 16:11:59,385 - main_server - INFO - Node 5: - New size: 58
2018-05-04 16:11:59,385 - main_server - INFO - Node: 5 - All children responded. Sending size to parent
2018-05-04 16:11:59,385 - main_server - INFO - Node: 5 Sending accept to childId: 11
2018-05-04 16:11:59,386 - client - INFO - Node: 5 - Starting sendSize
2018-05-04 16:11:59,386 - client - INFO - Node: 11 - Successfully sent the size message of size 32 to parentId: 5
2018-05-04 16:11:59,387 - client - INFO - Node: 5 - Responded to Size RPC with reply: Accepted
2018-05-04 16:11:59,387 - client - INFO - Node: 11 - Didn't get Prune 
2018-05-04 16:11:59,387 - Node - INFO - Node: 11 - Sent size() message to parent: 5
2018-05-04 16:11:59,387 - Node - INFO - Node: 11 - Starting Server
2018-05-04 16:11:59,387 - main_server - INFO - Node: 11 - Creating GRPC Server 
2018-05-04 16:11:59,388 - main_server - INFO - Node 11 - Created GRPC Server
2018-05-04 16:11:59,389 - main_server - INFO - Node: 1 - Current size: 89
2018-05-04 16:11:59,389 - main_server - INFO - Node: 11 - Inside Mainserver __init__
2018-05-04 16:11:59,389 - main_server - INFO - Node:1 - Child Node: 5 has size 58
2018-05-04 16:11:59,389 - main_server - INFO - Node: 1 - Sending Accept to childId: 5 after checking if all children responded or not
2018-05-04 16:11:59,390 - main_server - INFO - Node 1: - New size: 147
2018-05-04 16:11:59,391 - main_server - INFO - Node: 1 - All children responded. Sending size to parent
2018-05-04 16:11:59,391 - main_server - INFO - Node: 1 Sending accept to childId: 5
2018-05-04 16:11:59,391 - client - INFO - Node: 1 - Starting sendSize
2018-05-04 16:11:59,392 - main_server - INFO - Node 11 - Starting GRPC Server
2018-05-04 16:11:59,392 - client - INFO - Node: 5 - Successfully sent the size message of size 58 to parentId: 1
2018-05-04 16:11:59,393 - client - INFO - Node: 1 - Responded to Size RPC with reply: Accepted
2018-05-04 16:11:59,393 - main_server - INFO - Node: 11 - GRPC Server started successfully. Entering forever listening mode...

2018-05-04 16:11:59,394 - client - INFO - Node: 5 - Didn't get Prune 
2018-05-04 16:11:59,394 - main_server - INFO - Node: 0 - Current size: 140
2018-05-04 16:11:59,394 - main_server - INFO - Node:0 - Child Node: 1 has size 147
2018-05-04 16:11:59,395 - main_server - INFO - Node: 0 - Removed child 1 from childList
2018-05-04 16:11:59,395 - main_server - INFO - Node: 0 - Sending Prune after checking if all children responded or not
2018-05-04 16:11:59,395 - main_server - INFO - Node: 0 - All children responded. Sending size to parent
2018-05-04 16:11:59,396 - Node - INFO - Node: 0 - Setting myself as clusterhead as no parent found!
2018-05-04 16:11:59,396 - main_server - INFO - Node: 0 - Sending Prune to childId: 1
2018-05-04 16:11:59,396 - Node - INFO - Node: 0 - Updating DB with size,hopcount variables
2018-05-04 16:11:59,396 - client - INFO - Node: 1 - Successfully sent the size message of size 147 to parentId: 0
2018-05-04 16:11:59,397 - client - INFO - Node: 0 - Responded to Size RPC with reply: Prune
2018-05-04 16:11:59,397 - client - INFO - Node: 1 - Got Prune
2018-05-04 16:11:59,397 - Node - INFO - Node: %s - Successfully DB with size,hopcount variables
2018-05-04 16:11:59,398 - client - INFO - Node: 0 - Sending cluster message to child id: 2
2018-05-04 16:11:59,398 - client - INFO - Node: 1 - Sending cluster message to child id: 3
2018-05-04 16:11:59,400 - main_server - DEBUG - Node:2 - Server got Cluster message
2018-05-04 16:11:59,401 - main_server - INFO - Node: 2 - Now joining Clusterleader Node: 0
2018-05-04 16:11:59,402 - main_server - DEBUG - Node:3 - Server got Cluster message
2018-05-04 16:11:59,402 - main_server - INFO - Node: 2 - current hop count: 1
2018-05-04 16:11:59,402 - main_server - INFO - Node:2 - Children Found! Starting ClusterheadId Propagation
2018-05-04 16:11:59,403 - main_server - INFO - Node: 3 - Now joining Clusterleader Node: 1
2018-05-04 16:11:59,403 - client - INFO - Node: 2 - Sending propagate cluster message to child id: 4
2018-05-04 16:11:59,404 - main_server - INFO - Node: 3 - current hop count: 1
2018-05-04 16:11:59,404 - client - INFO - Node: 0 - Got Response: joinClusterResponse: "Joined"
 after sending cluster message to child id: 2
2018-05-04 16:11:59,404 - main_server - INFO - Node: 3 - NO children found!
2018-05-04 16:11:59,405 - client - INFO - Node: 1 - Got Response: joinClusterResponse: "Joined"
 after sending cluster message to child id: 3
2018-05-04 16:11:59,406 - client - INFO - Node: 1 - Sending cluster message to child id: 5
2018-05-04 16:11:59,407 - main_server - DEBUG - Node:4 - Server got Cluster message
2018-05-04 16:11:59,409 - main_server - DEBUG - Node:5 - Server got Cluster message
2018-05-04 16:11:59,416 - main_server - INFO - Node: 4 - Now joining Clusterleader Node: 0
2018-05-04 16:11:59,416 - main_server - INFO - Node: 4 - current hop count: 2
2018-05-04 16:11:59,417 - main_server - INFO - Node:4 - Children Found! Starting ClusterheadId Propagation
2018-05-04 16:11:59,419 - client - INFO - Node: 2 - Got Response: joinClusterResponse: "Joined"
 after sending cluster message to child id: 4
2018-05-04 16:11:59,418 - main_server - INFO - Node: 5 - Now joining Clusterleader Node: 1
2018-05-04 16:11:59,419 - client - INFO - Node: 4 - Sending propagate cluster message to child id: 9
2018-05-04 16:11:59,420 - main_server - INFO - Node: 5 - current hop count: 1
2018-05-04 16:11:59,421 - main_server - INFO - Node:5 - Children Found! Starting ClusterheadId Propagation
2018-05-04 16:11:59,423 - client - INFO - Node: 5 - Sending propagate cluster message to child id: 11
2018-05-04 16:11:59,424 - client - INFO - Node: 1 - Got Response: joinClusterResponse: "Joined"
 after sending cluster message to child id: 5
2018-05-04 16:11:59,426 - main_server - DEBUG - Node:9 - Server got Cluster message
2018-05-04 16:11:59,428 - main_server - INFO - Node: 9 - Now joining Clusterleader Node: 0
2018-05-04 16:11:59,429 - main_server - DEBUG - Node:11 - Server got Cluster message
2018-05-04 16:11:59,429 - main_server - INFO - Node: 9 - current hop count: 3
2018-05-04 16:11:59,430 - main_server - INFO - Node: 9 - NO children found!
2018-05-04 16:11:59,431 - main_server - INFO - Node: 11 - Now joining Clusterleader Node: 1
2018-05-04 16:11:59,431 - main_server - INFO - Node: 11 - current hop count: 2
2018-05-04 16:11:59,431 - client - INFO - Node: 4 - Got Response: joinClusterResponse: "Joined"
 after sending cluster message to child id: 9
2018-05-04 16:11:59,432 - main_server - INFO - Node: 11 - NO children found!
2018-05-04 16:11:59,433 - client - INFO - Node: 5 - Got Response: joinClusterResponse: "Joined"
 after sending cluster message to child id: 11
